mode: atomic
eduhub/server/main.go:35.13,41.16 4 0
eduhub/server/main.go:41.16,44.3 2 0
eduhub/server/main.go:45.2,53.12 5 0
eduhub/server/main.go:53.12,54.39 1 0
eduhub/server/main.go:54.39,56.4 1 0
eduhub/server/main.go:60.2,60.9 1 0
eduhub/server/main.go:61.17,62.81 1 0
eduhub/server/main.go:63.24,65.9 2 0
eduhub/server/main.go:69.2,72.52 3 0
eduhub/server/main.go:72.52,74.3 1 0
eduhub/server/main.go:74.8,76.3 1 0
eduhub/server/main.go:79.43,83.32 3 0
eduhub/server/main.go:83.32,84.45 1 0
eduhub/server/main.go:84.45,85.27 1 0
eduhub/server/main.go:85.27,87.5 1 0
eduhub/server/main.go:88.4,88.12 1 0
eduhub/server/main.go:90.3,90.19 1 0
eduhub/server/main.go:93.2,93.16 1 0
eduhub/server/main.go:93.16,95.3 1 0
eduhub/server/api/app/app.go:20.56,22.2 1 0
eduhub/server/api/app/app.go:33.26,35.16 2 0
eduhub/server/api/app/app.go:35.16,37.3 1 0
eduhub/server/api/app/app.go:38.2,38.41 1 0
eduhub/server/api/app/app.go:38.41,40.3 1 0
eduhub/server/api/app/app.go:42.2,54.8 4 0
eduhub/server/api/app/app.go:57.51,60.2 2 0
eduhub/server/api/app/app.go:62.29,71.81 3 0
eduhub/server/api/app/app.go:71.81,82.4 2 0
eduhub/server/api/app/app.go:85.2,120.42 16 0
eduhub/server/cmd/demo_seed/main.go:106.13,111.30 4 0
eduhub/server/cmd/demo_seed/main.go:111.30,113.3 1 0
eduhub/server/cmd/demo_seed/main.go:115.2,117.17 2 0
eduhub/server/cmd/demo_seed/main.go:117.17,118.44 1 0
eduhub/server/cmd/demo_seed/main.go:118.44,120.4 1 0
eduhub/server/cmd/demo_seed/main.go:121.3,122.9 2 0
eduhub/server/cmd/demo_seed/main.go:125.2,127.16 3 0
eduhub/server/cmd/demo_seed/main.go:127.16,129.3 1 0
eduhub/server/cmd/demo_seed/main.go:130.2,133.16 3 0
eduhub/server/cmd/demo_seed/main.go:133.16,135.3 1 0
eduhub/server/cmd/demo_seed/main.go:137.2,137.16 1 0
eduhub/server/cmd/demo_seed/main.go:137.16,138.44 1 0
eduhub/server/cmd/demo_seed/main.go:138.44,140.4 1 0
eduhub/server/cmd/demo_seed/main.go:143.2,145.39 3 0
eduhub/server/cmd/demo_seed/main.go:145.39,147.3 1 0
eduhub/server/cmd/demo_seed/main.go:150.77,155.16 4 0
eduhub/server/cmd/demo_seed/main.go:155.16,157.3 1 0
eduhub/server/cmd/demo_seed/main.go:158.2,161.16 3 0
eduhub/server/cmd/demo_seed/main.go:161.16,163.3 1 0
eduhub/server/cmd/demo_seed/main.go:164.2,165.16 2 0
eduhub/server/cmd/demo_seed/main.go:165.16,167.3 1 0
eduhub/server/cmd/demo_seed/main.go:168.2,169.16 2 0
eduhub/server/cmd/demo_seed/main.go:169.16,171.3 1 0
eduhub/server/cmd/demo_seed/main.go:172.2,173.16 2 0
eduhub/server/cmd/demo_seed/main.go:173.16,175.3 1 0
eduhub/server/cmd/demo_seed/main.go:177.2,177.107 1 0
eduhub/server/cmd/demo_seed/main.go:177.107,179.3 1 0
eduhub/server/cmd/demo_seed/main.go:180.2,180.122 1 0
eduhub/server/cmd/demo_seed/main.go:180.122,182.3 1 0
eduhub/server/cmd/demo_seed/main.go:183.2,183.126 1 0
eduhub/server/cmd/demo_seed/main.go:183.126,185.3 1 0
eduhub/server/cmd/demo_seed/main.go:186.2,186.129 1 0
eduhub/server/cmd/demo_seed/main.go:186.129,188.3 1 0
eduhub/server/cmd/demo_seed/main.go:190.2,191.16 2 0
eduhub/server/cmd/demo_seed/main.go:191.16,193.3 1 0
eduhub/server/cmd/demo_seed/main.go:194.2,194.115 1 0
eduhub/server/cmd/demo_seed/main.go:194.115,196.3 1 0
eduhub/server/cmd/demo_seed/main.go:197.2,197.83 1 0
eduhub/server/cmd/demo_seed/main.go:197.83,199.3 1 0
eduhub/server/cmd/demo_seed/main.go:201.2,202.16 2 0
eduhub/server/cmd/demo_seed/main.go:202.16,204.3 1 0
eduhub/server/cmd/demo_seed/main.go:205.2,206.16 2 0
eduhub/server/cmd/demo_seed/main.go:206.16,208.3 1 0
eduhub/server/cmd/demo_seed/main.go:209.2,209.106 1 0
eduhub/server/cmd/demo_seed/main.go:209.106,211.3 1 0
eduhub/server/cmd/demo_seed/main.go:213.2,214.16 2 0
eduhub/server/cmd/demo_seed/main.go:214.16,216.3 1 0
eduhub/server/cmd/demo_seed/main.go:217.2,217.125 1 0
eduhub/server/cmd/demo_seed/main.go:217.125,219.3 1 0
eduhub/server/cmd/demo_seed/main.go:220.2,220.134 1 0
eduhub/server/cmd/demo_seed/main.go:220.134,222.3 1 0
eduhub/server/cmd/demo_seed/main.go:224.2,225.16 2 0
eduhub/server/cmd/demo_seed/main.go:225.16,227.3 1 0
eduhub/server/cmd/demo_seed/main.go:228.2,228.101 1 0
eduhub/server/cmd/demo_seed/main.go:228.101,230.3 1 0
eduhub/server/cmd/demo_seed/main.go:232.2,233.16 2 0
eduhub/server/cmd/demo_seed/main.go:233.16,235.3 1 0
eduhub/server/cmd/demo_seed/main.go:236.2,237.16 2 0
eduhub/server/cmd/demo_seed/main.go:237.16,239.3 1 0
eduhub/server/cmd/demo_seed/main.go:240.2,241.16 2 0
eduhub/server/cmd/demo_seed/main.go:241.16,243.3 1 0
eduhub/server/cmd/demo_seed/main.go:244.2,244.97 1 0
eduhub/server/cmd/demo_seed/main.go:244.97,246.3 1 0
eduhub/server/cmd/demo_seed/main.go:248.2,248.119 1 0
eduhub/server/cmd/demo_seed/main.go:248.119,250.3 1 0
eduhub/server/cmd/demo_seed/main.go:251.2,251.107 1 0
eduhub/server/cmd/demo_seed/main.go:251.107,253.3 1 0
eduhub/server/cmd/demo_seed/main.go:254.2,254.106 1 0
eduhub/server/cmd/demo_seed/main.go:254.106,256.3 1 0
eduhub/server/cmd/demo_seed/main.go:257.2,257.140 1 0
eduhub/server/cmd/demo_seed/main.go:257.140,259.3 1 0
eduhub/server/cmd/demo_seed/main.go:261.2,262.16 2 0
eduhub/server/cmd/demo_seed/main.go:262.16,264.3 1 0
eduhub/server/cmd/demo_seed/main.go:265.2,265.61 1 0
eduhub/server/cmd/demo_seed/main.go:265.61,267.3 1 0
eduhub/server/cmd/demo_seed/main.go:268.2,268.60 1 0
eduhub/server/cmd/demo_seed/main.go:268.60,270.3 1 0
eduhub/server/cmd/demo_seed/main.go:271.2,271.54 1 0
eduhub/server/cmd/demo_seed/main.go:271.54,273.3 1 0
eduhub/server/cmd/demo_seed/main.go:274.2,274.59 1 0
eduhub/server/cmd/demo_seed/main.go:274.59,276.3 1 0
eduhub/server/cmd/demo_seed/main.go:277.2,277.57 1 0
eduhub/server/cmd/demo_seed/main.go:277.57,279.3 1 0
eduhub/server/cmd/demo_seed/main.go:280.2,280.54 1 0
eduhub/server/cmd/demo_seed/main.go:280.54,282.3 1 0
eduhub/server/cmd/demo_seed/main.go:283.2,283.62 1 0
eduhub/server/cmd/demo_seed/main.go:283.62,285.3 1 0
eduhub/server/cmd/demo_seed/main.go:287.2,288.16 2 0
eduhub/server/cmd/demo_seed/main.go:288.16,290.3 1 0
eduhub/server/cmd/demo_seed/main.go:292.2,292.21 1 0
eduhub/server/cmd/demo_seed/main.go:303.21,304.61 1 0
eduhub/server/cmd/demo_seed/main.go:304.61,306.3 1 0
eduhub/server/cmd/demo_seed/main.go:309.41,312.2 2 0
eduhub/server/cmd/demo_seed/main.go:314.105,322.40 3 0
eduhub/server/cmd/demo_seed/main.go:322.40,324.3 1 0
eduhub/server/cmd/demo_seed/main.go:326.2,326.25 1 0
eduhub/server/cmd/demo_seed/main.go:326.25,331.17 2 0
eduhub/server/cmd/demo_seed/main.go:331.17,333.4 1 0
eduhub/server/cmd/demo_seed/main.go:336.2,346.16 2 0
eduhub/server/cmd/demo_seed/main.go:349.124,358.40 3 0
eduhub/server/cmd/demo_seed/main.go:358.40,360.3 1 0
eduhub/server/cmd/demo_seed/main.go:362.2,363.16 2 0
eduhub/server/cmd/demo_seed/main.go:363.16,365.3 1 0
eduhub/server/cmd/demo_seed/main.go:367.2,378.16 3 0
eduhub/server/cmd/demo_seed/main.go:378.16,380.3 1 0
eduhub/server/cmd/demo_seed/main.go:382.2,383.18 2 0
eduhub/server/cmd/demo_seed/main.go:386.153,396.29 3 0
eduhub/server/cmd/demo_seed/main.go:396.29,398.17 2 0
eduhub/server/cmd/demo_seed/main.go:398.17,400.4 1 0
eduhub/server/cmd/demo_seed/main.go:403.2,404.16 2 0
eduhub/server/cmd/demo_seed/main.go:404.16,406.3 1 0
eduhub/server/cmd/demo_seed/main.go:408.2,408.74 1 0
eduhub/server/cmd/demo_seed/main.go:408.74,410.3 1 0
eduhub/server/cmd/demo_seed/main.go:412.2,412.100 1 0
eduhub/server/cmd/demo_seed/main.go:412.100,414.3 1 0
eduhub/server/cmd/demo_seed/main.go:416.2,417.86 2 0
eduhub/server/cmd/demo_seed/main.go:417.86,418.23 1 0
eduhub/server/cmd/demo_seed/main.go:418.23,419.12 1 0
eduhub/server/cmd/demo_seed/main.go:421.3,421.43 1 0
eduhub/server/cmd/demo_seed/main.go:421.43,422.12 1 0
eduhub/server/cmd/demo_seed/main.go:424.3,424.128 1 0
eduhub/server/cmd/demo_seed/main.go:424.128,426.4 1 0
eduhub/server/cmd/demo_seed/main.go:427.3,427.35 1 0
eduhub/server/cmd/demo_seed/main.go:430.2,431.16 2 0
eduhub/server/cmd/demo_seed/main.go:431.16,433.3 1 0
eduhub/server/cmd/demo_seed/main.go:434.2,434.22 1 0
eduhub/server/cmd/demo_seed/main.go:437.121,439.16 2 0
eduhub/server/cmd/demo_seed/main.go:439.16,441.3 1 0
eduhub/server/cmd/demo_seed/main.go:443.2,444.18 2 0
eduhub/server/cmd/demo_seed/main.go:444.18,446.3 1 0
eduhub/server/cmd/demo_seed/main.go:448.2,452.4 1 0
eduhub/server/cmd/demo_seed/main.go:455.80,456.21 1 0
eduhub/server/cmd/demo_seed/main.go:456.21,458.3 1 0
eduhub/server/cmd/demo_seed/main.go:460.2,466.44 1 0
eduhub/server/cmd/demo_seed/main.go:469.52,470.21 1 0
eduhub/server/cmd/demo_seed/main.go:470.21,472.3 1 0
eduhub/server/cmd/demo_seed/main.go:473.2,473.20 1 0
eduhub/server/cmd/demo_seed/main.go:476.118,489.2 3 0
eduhub/server/cmd/demo_seed/main.go:491.108,506.2 2 0
eduhub/server/cmd/demo_seed/main.go:508.117,516.2 2 0
eduhub/server/cmd/demo_seed/main.go:518.111,531.25 4 0
eduhub/server/cmd/demo_seed/main.go:531.25,533.3 1 0
eduhub/server/cmd/demo_seed/main.go:534.2,534.16 1 0
eduhub/server/cmd/demo_seed/main.go:534.16,536.3 1 0
eduhub/server/cmd/demo_seed/main.go:537.2,539.39 2 0
eduhub/server/cmd/demo_seed/main.go:539.39,541.130 2 0
eduhub/server/cmd/demo_seed/main.go:541.130,543.4 1 0
eduhub/server/cmd/demo_seed/main.go:544.3,547.109 1 0
eduhub/server/cmd/demo_seed/main.go:547.109,549.4 1 0
eduhub/server/cmd/demo_seed/main.go:551.2,551.12 1 0
eduhub/server/cmd/demo_seed/main.go:554.110,558.16 4 0
eduhub/server/cmd/demo_seed/main.go:558.16,560.3 1 0
eduhub/server/cmd/demo_seed/main.go:561.2,561.26 1 0
eduhub/server/cmd/demo_seed/main.go:561.26,563.3 1 0
eduhub/server/cmd/demo_seed/main.go:564.2,569.16 3 0
eduhub/server/cmd/demo_seed/main.go:572.106,576.16 4 0
eduhub/server/cmd/demo_seed/main.go:576.16,578.3 1 0
eduhub/server/cmd/demo_seed/main.go:579.2,579.26 1 0
eduhub/server/cmd/demo_seed/main.go:579.26,581.3 1 0
eduhub/server/cmd/demo_seed/main.go:582.2,586.16 2 0
eduhub/server/cmd/demo_seed/main.go:589.105,596.2 2 0
eduhub/server/cmd/demo_seed/main.go:598.98,602.16 4 0
eduhub/server/cmd/demo_seed/main.go:602.16,604.3 1 0
eduhub/server/cmd/demo_seed/main.go:605.2,605.26 1 0
eduhub/server/cmd/demo_seed/main.go:605.26,607.3 1 0
eduhub/server/cmd/demo_seed/main.go:608.2,614.16 4 0
eduhub/server/cmd/demo_seed/main.go:617.116,625.2 3 0
eduhub/server/cmd/demo_seed/main.go:627.125,636.4 1 0
eduhub/server/cmd/demo_seed/main.go:636.4,643.17 3 0
eduhub/server/cmd/demo_seed/main.go:643.17,650.85 1 0
eduhub/server/cmd/demo_seed/main.go:650.85,652.5 1 0
eduhub/server/cmd/demo_seed/main.go:653.4,653.12 1 0
eduhub/server/cmd/demo_seed/main.go:655.3,655.27 1 0
eduhub/server/cmd/demo_seed/main.go:655.27,657.4 1 0
eduhub/server/cmd/demo_seed/main.go:658.3,661.109 1 0
eduhub/server/cmd/demo_seed/main.go:661.109,663.4 1 0
eduhub/server/cmd/demo_seed/main.go:665.2,665.12 1 0
eduhub/server/cmd/demo_seed/main.go:668.101,672.16 4 0
eduhub/server/cmd/demo_seed/main.go:672.16,674.3 1 0
eduhub/server/cmd/demo_seed/main.go:675.2,675.26 1 0
eduhub/server/cmd/demo_seed/main.go:675.26,677.3 1 0
eduhub/server/cmd/demo_seed/main.go:678.2,683.16 3 0
eduhub/server/cmd/demo_seed/main.go:686.108,693.2 2 0
eduhub/server/cmd/demo_seed/main.go:695.95,699.16 4 0
eduhub/server/cmd/demo_seed/main.go:699.16,701.3 1 0
eduhub/server/cmd/demo_seed/main.go:702.2,702.26 1 0
eduhub/server/cmd/demo_seed/main.go:702.26,704.3 1 0
eduhub/server/cmd/demo_seed/main.go:705.2,711.16 4 0
eduhub/server/cmd/demo_seed/main.go:714.100,721.41 4 0
eduhub/server/cmd/demo_seed/main.go:721.41,724.26 3 0
eduhub/server/cmd/demo_seed/main.go:724.26,729.4 1 0
eduhub/server/cmd/demo_seed/main.go:730.3,730.17 1 0
eduhub/server/cmd/demo_seed/main.go:730.17,732.4 1 0
eduhub/server/cmd/demo_seed/main.go:733.3,736.17 3 0
eduhub/server/cmd/demo_seed/main.go:736.17,738.4 1 0
eduhub/server/cmd/demo_seed/main.go:738.9,740.4 1 0
eduhub/server/cmd/demo_seed/main.go:741.3,742.38 2 0
eduhub/server/cmd/demo_seed/main.go:742.38,745.27 3 0
eduhub/server/cmd/demo_seed/main.go:745.27,750.5 1 0
eduhub/server/cmd/demo_seed/main.go:751.4,751.18 1 0
eduhub/server/cmd/demo_seed/main.go:751.18,753.5 1 0
eduhub/server/cmd/demo_seed/main.go:754.4,754.24 1 0
eduhub/server/cmd/demo_seed/main.go:754.24,756.5 1 0
eduhub/server/cmd/demo_seed/main.go:758.3,758.57 1 0
eduhub/server/cmd/demo_seed/main.go:760.2,760.43 1 0
eduhub/server/cmd/demo_seed/main.go:763.111,766.16 3 0
eduhub/server/cmd/demo_seed/main.go:766.16,768.3 1 0
eduhub/server/cmd/demo_seed/main.go:769.2,769.26 1 0
eduhub/server/cmd/demo_seed/main.go:769.26,771.3 1 0
eduhub/server/cmd/demo_seed/main.go:772.2,778.16 4 0
eduhub/server/cmd/demo_seed/main.go:781.124,782.41 1 0
eduhub/server/cmd/demo_seed/main.go:782.41,792.17 2 0
eduhub/server/cmd/demo_seed/main.go:792.17,794.4 1 0
eduhub/server/cmd/demo_seed/main.go:796.2,796.12 1 0
eduhub/server/cmd/demo_seed/main.go:799.119,810.32 2 0
eduhub/server/cmd/demo_seed/main.go:810.32,816.17 3 0
eduhub/server/cmd/demo_seed/main.go:816.17,817.12 1 0
eduhub/server/cmd/demo_seed/main.go:819.3,819.27 1 0
eduhub/server/cmd/demo_seed/main.go:819.27,821.4 1 0
eduhub/server/cmd/demo_seed/main.go:822.3,828.17 3 0
eduhub/server/cmd/demo_seed/main.go:828.17,830.4 1 0
eduhub/server/cmd/demo_seed/main.go:832.2,832.12 1 0
eduhub/server/cmd/demo_seed/main.go:835.115,843.2 2 0
eduhub/server/cmd/demo_seed/main.go:845.114,853.2 2 0
eduhub/server/cmd/demo_seed/main.go:855.126,862.25 6 0
eduhub/server/cmd/demo_seed/main.go:862.25,868.3 2 0
eduhub/server/cmd/demo_seed/main.go:869.2,869.16 1 0
eduhub/server/cmd/demo_seed/main.go:869.16,871.3 1 0
eduhub/server/cmd/demo_seed/main.go:873.2,875.25 3 0
eduhub/server/cmd/demo_seed/main.go:875.25,882.3 3 0
eduhub/server/cmd/demo_seed/main.go:883.2,883.16 1 0
eduhub/server/cmd/demo_seed/main.go:883.16,885.3 1 0
eduhub/server/cmd/demo_seed/main.go:887.2,891.12 2 0
eduhub/server/cmd/demo_seed/main.go:894.96,897.25 3 0
eduhub/server/cmd/demo_seed/main.go:897.25,902.3 1 0
eduhub/server/cmd/demo_seed/main.go:903.2,903.16 1 0
eduhub/server/cmd/demo_seed/main.go:903.16,905.3 1 0
eduhub/server/cmd/demo_seed/main.go:907.2,909.25 3 0
eduhub/server/cmd/demo_seed/main.go:909.25,916.3 3 0
eduhub/server/cmd/demo_seed/main.go:917.2,917.16 1 0
eduhub/server/cmd/demo_seed/main.go:917.16,919.3 1 0
eduhub/server/cmd/demo_seed/main.go:921.2,926.16 2 0
eduhub/server/cmd/demo_seed/main.go:926.16,928.3 1 0
eduhub/server/cmd/demo_seed/main.go:930.2,932.25 3 0
eduhub/server/cmd/demo_seed/main.go:932.25,940.3 4 0
eduhub/server/cmd/demo_seed/main.go:941.2,941.16 1 0
eduhub/server/cmd/demo_seed/main.go:941.16,943.3 1 0
eduhub/server/cmd/demo_seed/main.go:945.2,949.16 2 0
eduhub/server/cmd/demo_seed/main.go:949.16,951.3 1 0
eduhub/server/cmd/demo_seed/main.go:953.2,953.20 1 0
eduhub/server/cmd/demo_seed/main.go:956.93,959.25 3 0
eduhub/server/cmd/demo_seed/main.go:959.25,964.3 1 0
eduhub/server/cmd/demo_seed/main.go:965.2,965.16 1 0
eduhub/server/cmd/demo_seed/main.go:965.16,967.3 1 0
eduhub/server/cmd/demo_seed/main.go:968.2,972.16 2 0
eduhub/server/cmd/demo_seed/main.go:972.16,974.3 1 0
eduhub/server/cmd/demo_seed/main.go:976.2,978.25 3 0
eduhub/server/cmd/demo_seed/main.go:978.25,983.3 1 0
eduhub/server/cmd/demo_seed/main.go:984.2,984.16 1 0
eduhub/server/cmd/demo_seed/main.go:984.16,986.3 1 0
eduhub/server/cmd/demo_seed/main.go:988.2,993.12 2 0
eduhub/server/cmd/demo_seed/main.go:996.92,1004.2 2 0
eduhub/server/cmd/demo_seed/main.go:1006.86,1009.25 3 0
eduhub/server/cmd/demo_seed/main.go:1009.25,1014.3 1 0
eduhub/server/cmd/demo_seed/main.go:1015.2,1015.16 1 0
eduhub/server/cmd/demo_seed/main.go:1015.16,1017.3 1 0
eduhub/server/cmd/demo_seed/main.go:1018.2,1024.12 2 0
eduhub/server/cmd/demo_seed/main.go:1027.91,1030.25 3 0
eduhub/server/cmd/demo_seed/main.go:1030.25,1037.3 3 0
eduhub/server/cmd/demo_seed/main.go:1038.2,1038.16 1 0
eduhub/server/cmd/demo_seed/main.go:1038.16,1040.3 1 0
eduhub/server/cmd/demo_seed/main.go:1042.2,1044.25 3 0
eduhub/server/cmd/demo_seed/main.go:1044.25,1049.3 1 0
eduhub/server/cmd/demo_seed/main.go:1050.2,1050.16 1 0
eduhub/server/cmd/demo_seed/main.go:1050.16,1052.3 1 0
eduhub/server/cmd/demo_seed/main.go:1054.2,1058.12 2 0
eduhub/server/cmd/demo_seed/main.go:1061.89,1064.25 3 0
eduhub/server/cmd/demo_seed/main.go:1064.25,1069.3 1 0
eduhub/server/cmd/demo_seed/main.go:1070.2,1070.16 1 0
eduhub/server/cmd/demo_seed/main.go:1070.16,1072.3 1 0
eduhub/server/cmd/demo_seed/main.go:1073.2,1077.12 2 0
eduhub/server/cmd/demo_seed/main.go:1080.86,1087.16 2 0
eduhub/server/cmd/demo_seed/main.go:1087.16,1089.3 1 0
eduhub/server/cmd/demo_seed/main.go:1090.2,1100.12 2 0
eduhub/server/cmd/demo_seed/main.go:1103.94,1115.37 2 0
eduhub/server/cmd/demo_seed/main.go:1115.37,1121.17 3 0
eduhub/server/cmd/demo_seed/main.go:1121.17,1122.12 1 0
eduhub/server/cmd/demo_seed/main.go:1124.3,1124.27 1 0
eduhub/server/cmd/demo_seed/main.go:1124.27,1126.4 1 0
eduhub/server/cmd/demo_seed/main.go:1127.3,1132.17 2 0
eduhub/server/cmd/demo_seed/main.go:1132.17,1134.4 1 0
eduhub/server/cmd/demo_seed/main.go:1136.2,1136.12 1 0
eduhub/server/cmd/demo_seed/main.go:1139.101,1141.16 2 0
eduhub/server/cmd/demo_seed/main.go:1141.16,1143.3 1 0
eduhub/server/cmd/demo_seed/main.go:1144.2,1152.16 2 0
eduhub/server/cmd/demo_seed/main.go:1152.16,1154.3 1 0
eduhub/server/cmd/demo_seed/main.go:1155.2,1161.25 6 0
eduhub/server/cmd/demo_seed/main.go:1161.25,1163.23 2 0
eduhub/server/cmd/demo_seed/main.go:1163.23,1165.4 1 0
eduhub/server/cmd/demo_seed/main.go:1166.3,1166.23 1 0
eduhub/server/cmd/demo_seed/main.go:1167.8,1167.23 1 0
eduhub/server/cmd/demo_seed/main.go:1167.23,1169.3 1 0
eduhub/server/cmd/demo_seed/main.go:1171.2,1173.16 3 0
eduhub/server/cmd/demo_seed/main.go:1173.16,1175.3 1 0
eduhub/server/cmd/demo_seed/main.go:1176.2,1176.26 1 0
eduhub/server/cmd/demo_seed/main.go:1176.26,1178.3 1 0
eduhub/server/cmd/demo_seed/main.go:1180.2,1194.16 3 0
eduhub/server/cmd/demo_seed/main.go:1194.16,1196.3 1 0
eduhub/server/cmd/demo_seed/main.go:1198.2,1199.16 2 0
eduhub/server/cmd/demo_seed/main.go:1199.16,1201.3 1 0
eduhub/server/cmd/demo_seed/main.go:1202.2,1202.86 1 0
eduhub/server/cmd/demo_seed/main.go:1202.86,1204.3 1 0
eduhub/server/cmd/demo_seed/main.go:1206.2,1206.25 1 0
eduhub/server/cmd/demo_seed/main.go:1209.112,1212.25 3 0
eduhub/server/cmd/demo_seed/main.go:1212.25,1217.3 1 0
eduhub/server/cmd/demo_seed/main.go:1218.2,1218.22 1 0
eduhub/server/cmd/demo_seed/main.go:1221.117,1229.2 2 0
eduhub/server/cmd/demo_seed/main.go:1231.31,1233.16 2 0
eduhub/server/cmd/demo_seed/main.go:1233.16,1235.3 1 0
eduhub/server/cmd/demo_seed/main.go:1236.2,1244.39 6 0
eduhub/server/cmd/demo_seed/main.go:1244.39,1245.53 1 0
eduhub/server/cmd/demo_seed/main.go:1245.53,1247.4 1 0
eduhub/server/cmd/demo_seed/main.go:1250.2,1250.12 1 0
eduhub/server/cmd/demo_seed/main.go:1253.67,1258.16 2 0
eduhub/server/cmd/demo_seed/main.go:1258.16,1260.3 1 0
eduhub/server/cmd/demo_seed/main.go:1262.2,1267.31 5 0
eduhub/server/cmd/demo_seed/main.go:1267.31,1269.3 1 0
eduhub/server/cmd/demo_seed/main.go:1271.2,1282.68 2 0
eduhub/server/cmd/demo_seed/main.go:1282.68,1284.3 1 0
eduhub/server/cmd/demo_seed/main.go:1286.2,1286.52 1 0
eduhub/server/cmd/demo_seed/main.go:1286.52,1288.3 1 0
eduhub/server/cmd/demo_seed/main.go:1289.2,1289.47 1 0
eduhub/server/cmd/demo_seed/main.go:1289.47,1291.3 1 0
eduhub/server/cmd/demo_seed/main.go:1292.2,1292.45 1 0
eduhub/server/cmd/demo_seed/main.go:1292.45,1294.3 1 0
eduhub/server/cmd/demo_seed/main.go:1295.2,1295.59 1 0
eduhub/server/cmd/demo_seed/main.go:1295.59,1297.3 1 0
eduhub/server/cmd/demo_seed/main.go:1299.2,1299.12 1 0
eduhub/server/cmd/demo_seed/main.go:1302.37,1304.2 1 0
eduhub/server/docs/docs.go:34.13,36.2 1 0
eduhub/server/internal/repository/mocks/AttendanceRepository.go:18.107,21.19 2 0
eduhub/server/internal/repository/mocks/AttendanceRepository.go:21.19,22.58 1 0
eduhub/server/internal/repository/mocks/AttendanceRepository.go:25.2,26.70 2 0
eduhub/server/internal/repository/mocks/AttendanceRepository.go:26.70,28.3 1 0
eduhub/server/internal/repository/mocks/AttendanceRepository.go:28.8,30.3 1 0
eduhub/server/internal/repository/mocks/AttendanceRepository.go:32.2,32.11 1 0
eduhub/server/internal/repository/mocks/AttendanceRepository.go:36.135,39.19 2 0
eduhub/server/internal/repository/mocks/AttendanceRepository.go:39.19,40.63 1 0
eduhub/server/internal/repository/mocks/AttendanceRepository.go:43.2,45.94 3 0
eduhub/server/internal/repository/mocks/AttendanceRepository.go:45.94,47.3 1 0
eduhub/server/internal/repository/mocks/AttendanceRepository.go:48.2,48.85 1 0
eduhub/server/internal/repository/mocks/AttendanceRepository.go:48.85,50.3 1 0
eduhub/server/internal/repository/mocks/AttendanceRepository.go:50.8,51.24 1 0
eduhub/server/internal/repository/mocks/AttendanceRepository.go:51.24,53.4 1 0
eduhub/server/internal/repository/mocks/AttendanceRepository.go:56.2,56.70 1 0
eduhub/server/internal/repository/mocks/AttendanceRepository.go:56.70,58.3 1 0
eduhub/server/internal/repository/mocks/AttendanceRepository.go:58.8,60.3 1 0
eduhub/server/internal/repository/mocks/AttendanceRepository.go:62.2,62.15 1 0
eduhub/server/internal/repository/mocks/AttendanceRepository.go:66.151,69.19 2 0
eduhub/server/internal/repository/mocks/AttendanceRepository.go:69.19,70.64 1 0
eduhub/server/internal/repository/mocks/AttendanceRepository.go:73.2,75.99 3 0
eduhub/server/internal/repository/mocks/AttendanceRepository.go:75.99,77.3 1 0
eduhub/server/internal/repository/mocks/AttendanceRepository.go:78.2,78.90 1 0
eduhub/server/internal/repository/mocks/AttendanceRepository.go:78.90,80.3 1 0
eduhub/server/internal/repository/mocks/AttendanceRepository.go:80.8,81.24 1 0
eduhub/server/internal/repository/mocks/AttendanceRepository.go:81.24,83.4 1 0
eduhub/server/internal/repository/mocks/AttendanceRepository.go:86.2,86.75 1 0
eduhub/server/internal/repository/mocks/AttendanceRepository.go:86.75,88.3 1 0
eduhub/server/internal/repository/mocks/AttendanceRepository.go:88.8,90.3 1 0
eduhub/server/internal/repository/mocks/AttendanceRepository.go:92.2,92.15 1 0
eduhub/server/internal/repository/mocks/AttendanceRepository.go:96.135,99.19 2 0
eduhub/server/internal/repository/mocks/AttendanceRepository.go:99.19,100.62 1 0
eduhub/server/internal/repository/mocks/AttendanceRepository.go:103.2,105.94 3 0
eduhub/server/internal/repository/mocks/AttendanceRepository.go:105.94,107.3 1 0
eduhub/server/internal/repository/mocks/AttendanceRepository.go:108.2,108.85 1 0
eduhub/server/internal/repository/mocks/AttendanceRepository.go:108.85,110.3 1 0
eduhub/server/internal/repository/mocks/AttendanceRepository.go:110.8,111.24 1 0
eduhub/server/internal/repository/mocks/AttendanceRepository.go:111.24,113.4 1 0
eduhub/server/internal/repository/mocks/AttendanceRepository.go:116.2,116.70 1 0
eduhub/server/internal/repository/mocks/AttendanceRepository.go:116.70,118.3 1 0
eduhub/server/internal/repository/mocks/AttendanceRepository.go:118.8,120.3 1 0
eduhub/server/internal/repository/mocks/AttendanceRepository.go:122.2,122.15 1 0
eduhub/server/internal/repository/mocks/AttendanceRepository.go:126.157,129.19 2 0
eduhub/server/internal/repository/mocks/AttendanceRepository.go:129.19,130.70 1 0
eduhub/server/internal/repository/mocks/AttendanceRepository.go:133.2,135.99 3 0
eduhub/server/internal/repository/mocks/AttendanceRepository.go:135.99,137.3 1 0
eduhub/server/internal/repository/mocks/AttendanceRepository.go:138.2,138.90 1 0
eduhub/server/internal/repository/mocks/AttendanceRepository.go:138.90,140.3 1 0
eduhub/server/internal/repository/mocks/AttendanceRepository.go:140.8,141.24 1 0
eduhub/server/internal/repository/mocks/AttendanceRepository.go:141.24,143.4 1 0
eduhub/server/internal/repository/mocks/AttendanceRepository.go:146.2,146.75 1 0
eduhub/server/internal/repository/mocks/AttendanceRepository.go:146.75,148.3 1 0
eduhub/server/internal/repository/mocks/AttendanceRepository.go:148.8,150.3 1 0
eduhub/server/internal/repository/mocks/AttendanceRepository.go:152.2,152.15 1 0
eduhub/server/internal/repository/mocks/AttendanceRepository.go:156.142,159.19 2 0
eduhub/server/internal/repository/mocks/AttendanceRepository.go:159.19,160.56 1 0
eduhub/server/internal/repository/mocks/AttendanceRepository.go:163.2,165.88 3 0
eduhub/server/internal/repository/mocks/AttendanceRepository.go:165.88,167.3 1 0
eduhub/server/internal/repository/mocks/AttendanceRepository.go:168.2,168.79 1 0
eduhub/server/internal/repository/mocks/AttendanceRepository.go:168.79,170.3 1 0
eduhub/server/internal/repository/mocks/AttendanceRepository.go:170.8,172.3 1 0
eduhub/server/internal/repository/mocks/AttendanceRepository.go:174.2,174.80 1 0
eduhub/server/internal/repository/mocks/AttendanceRepository.go:174.80,176.3 1 0
eduhub/server/internal/repository/mocks/AttendanceRepository.go:176.8,178.3 1 0
eduhub/server/internal/repository/mocks/AttendanceRepository.go:180.2,180.15 1 0
eduhub/server/internal/repository/mocks/AttendanceRepository.go:184.151,187.19 2 0
eduhub/server/internal/repository/mocks/AttendanceRepository.go:187.19,188.58 1 0
eduhub/server/internal/repository/mocks/AttendanceRepository.go:191.2,192.88 2 0
eduhub/server/internal/repository/mocks/AttendanceRepository.go:192.88,194.3 1 0
eduhub/server/internal/repository/mocks/AttendanceRepository.go:194.8,196.3 1 0
eduhub/server/internal/repository/mocks/AttendanceRepository.go:198.2,198.11 1 0
eduhub/server/internal/repository/mocks/AttendanceRepository.go:206.26,210.19 3 0
eduhub/server/internal/repository/mocks/AttendanceRepository.go:210.19,210.49 1 0
eduhub/server/internal/repository/mocks/AttendanceRepository.go:212.2,212.13 1 0
eduhub/server/internal/repository/mocks/CourseRepository.go:18.92,21.19 2 0
eduhub/server/internal/repository/mocks/CourseRepository.go:21.19,22.54 1 0
eduhub/server/internal/repository/mocks/CourseRepository.go:25.2,26.76 2 0
eduhub/server/internal/repository/mocks/CourseRepository.go:26.76,28.3 1 0
eduhub/server/internal/repository/mocks/CourseRepository.go:28.8,30.3 1 0
eduhub/server/internal/repository/mocks/CourseRepository.go:32.2,32.11 1 0
eduhub/server/internal/repository/mocks/CourseRepository.go:36.103,39.19 2 0
eduhub/server/internal/repository/mocks/CourseRepository.go:39.19,40.56 1 0
eduhub/server/internal/repository/mocks/CourseRepository.go:43.2,45.83 3 0
eduhub/server/internal/repository/mocks/CourseRepository.go:45.83,47.3 1 0
eduhub/server/internal/repository/mocks/CourseRepository.go:48.2,48.74 1 0
eduhub/server/internal/repository/mocks/CourseRepository.go:48.74,50.3 1 0
eduhub/server/internal/repository/mocks/CourseRepository.go:50.8,51.24 1 0
eduhub/server/internal/repository/mocks/CourseRepository.go:51.24,53.4 1 0
eduhub/server/internal/repository/mocks/CourseRepository.go:56.2,56.65 1 0
eduhub/server/internal/repository/mocks/CourseRepository.go:56.65,58.3 1 0
eduhub/server/internal/repository/mocks/CourseRepository.go:58.8,60.3 1 0
eduhub/server/internal/repository/mocks/CourseRepository.go:62.2,62.15 1 0
eduhub/server/internal/repository/mocks/CourseRepository.go:70.22,74.19 3 0
eduhub/server/internal/repository/mocks/CourseRepository.go:74.19,74.49 1 0
eduhub/server/internal/repository/mocks/CourseRepository.go:76.2,76.13 1 0
eduhub/server/internal/repository/mocks/EnrollmentRepository.go:18.108,21.19 2 0
eduhub/server/internal/repository/mocks/EnrollmentRepository.go:21.19,22.58 1 0
eduhub/server/internal/repository/mocks/EnrollmentRepository.go:25.2,26.80 2 0
eduhub/server/internal/repository/mocks/EnrollmentRepository.go:26.80,28.3 1 0
eduhub/server/internal/repository/mocks/EnrollmentRepository.go:28.8,30.3 1 0
eduhub/server/internal/repository/mocks/EnrollmentRepository.go:32.2,32.11 1 0
eduhub/server/internal/repository/mocks/EnrollmentRepository.go:36.130,39.19 2 0
eduhub/server/internal/repository/mocks/EnrollmentRepository.go:39.19,40.59 1 0
eduhub/server/internal/repository/mocks/EnrollmentRepository.go:43.2,45.83 3 0
eduhub/server/internal/repository/mocks/EnrollmentRepository.go:45.83,47.3 1 0
eduhub/server/internal/repository/mocks/EnrollmentRepository.go:48.2,48.74 1 0
eduhub/server/internal/repository/mocks/EnrollmentRepository.go:48.74,50.3 1 0
eduhub/server/internal/repository/mocks/EnrollmentRepository.go:50.8,52.3 1 0
eduhub/server/internal/repository/mocks/EnrollmentRepository.go:54.2,54.75 1 0
eduhub/server/internal/repository/mocks/EnrollmentRepository.go:54.75,56.3 1 0
eduhub/server/internal/repository/mocks/EnrollmentRepository.go:56.8,58.3 1 0
eduhub/server/internal/repository/mocks/EnrollmentRepository.go:60.2,60.15 1 0
eduhub/server/internal/repository/mocks/EnrollmentRepository.go:68.26,72.19 3 0
eduhub/server/internal/repository/mocks/EnrollmentRepository.go:72.19,72.49 1 0
eduhub/server/internal/repository/mocks/EnrollmentRepository.go:74.2,74.13 1 0
eduhub/server/internal/repository/mocks/PoolIface.go:20.30,22.2 1 0
eduhub/server/internal/repository/mocks/PoolIface.go:25.108,31.19 5 0
eduhub/server/internal/repository/mocks/PoolIface.go:31.19,32.46 1 0
eduhub/server/internal/repository/mocks/PoolIface.go:35.2,37.105 3 0
eduhub/server/internal/repository/mocks/PoolIface.go:37.105,39.3 1 0
eduhub/server/internal/repository/mocks/PoolIface.go:40.2,40.96 1 0
eduhub/server/internal/repository/mocks/PoolIface.go:40.96,42.3 1 0
eduhub/server/internal/repository/mocks/PoolIface.go:42.8,43.24 1 0
eduhub/server/internal/repository/mocks/PoolIface.go:43.24,45.4 1 0
eduhub/server/internal/repository/mocks/PoolIface.go:48.2,48.84 1 0
eduhub/server/internal/repository/mocks/PoolIface.go:48.84,50.3 1 0
eduhub/server/internal/repository/mocks/PoolIface.go:50.8,52.3 1 0
eduhub/server/internal/repository/mocks/PoolIface.go:54.2,54.15 1 0
eduhub/server/internal/repository/mocks/PoolIface.go:58.100,64.19 5 0
eduhub/server/internal/repository/mocks/PoolIface.go:64.19,65.47 1 0
eduhub/server/internal/repository/mocks/PoolIface.go:68.2,70.96 3 0
eduhub/server/internal/repository/mocks/PoolIface.go:70.96,72.3 1 0
eduhub/server/internal/repository/mocks/PoolIface.go:73.2,73.87 1 0
eduhub/server/internal/repository/mocks/PoolIface.go:73.87,75.3 1 0
eduhub/server/internal/repository/mocks/PoolIface.go:75.8,76.24 1 0
eduhub/server/internal/repository/mocks/PoolIface.go:76.24,78.4 1 0
eduhub/server/internal/repository/mocks/PoolIface.go:81.2,81.84 1 0
eduhub/server/internal/repository/mocks/PoolIface.go:81.84,83.3 1 0
eduhub/server/internal/repository/mocks/PoolIface.go:83.8,85.3 1 0
eduhub/server/internal/repository/mocks/PoolIface.go:87.2,87.15 1 0
eduhub/server/internal/repository/mocks/PoolIface.go:91.93,97.19 5 0
eduhub/server/internal/repository/mocks/PoolIface.go:97.19,98.50 1 0
eduhub/server/internal/repository/mocks/PoolIface.go:101.2,102.86 2 0
eduhub/server/internal/repository/mocks/PoolIface.go:102.86,104.3 1 0
eduhub/server/internal/repository/mocks/PoolIface.go:104.8,105.24 1 0
eduhub/server/internal/repository/mocks/PoolIface.go:105.24,107.4 1 0
eduhub/server/internal/repository/mocks/PoolIface.go:110.2,110.11 1 0
eduhub/server/internal/repository/mocks/PoolIface.go:118.15,122.19 3 0
eduhub/server/internal/repository/mocks/PoolIface.go:122.19,122.49 1 0
eduhub/server/internal/repository/mocks/PoolIface.go:124.2,124.13 1 0
eduhub/server/internal/repository/mocks/StudentRepository.go:18.96,21.19 2 0
eduhub/server/internal/repository/mocks/StudentRepository.go:21.19,22.55 1 0
eduhub/server/internal/repository/mocks/StudentRepository.go:25.2,26.77 2 0
eduhub/server/internal/repository/mocks/StudentRepository.go:26.77,28.3 1 0
eduhub/server/internal/repository/mocks/StudentRepository.go:28.8,30.3 1 0
eduhub/server/internal/repository/mocks/StudentRepository.go:32.2,32.11 1 0
eduhub/server/internal/repository/mocks/StudentRepository.go:36.108,39.19 2 0
eduhub/server/internal/repository/mocks/StudentRepository.go:39.19,40.56 1 0
eduhub/server/internal/repository/mocks/StudentRepository.go:43.2,45.87 3 0
eduhub/server/internal/repository/mocks/StudentRepository.go:45.87,47.3 1 0
eduhub/server/internal/repository/mocks/StudentRepository.go:48.2,48.78 1 0
eduhub/server/internal/repository/mocks/StudentRepository.go:48.78,50.3 1 0
eduhub/server/internal/repository/mocks/StudentRepository.go:50.8,51.24 1 0
eduhub/server/internal/repository/mocks/StudentRepository.go:51.24,53.4 1 0
eduhub/server/internal/repository/mocks/StudentRepository.go:56.2,56.68 1 0
eduhub/server/internal/repository/mocks/StudentRepository.go:56.68,58.3 1 0
eduhub/server/internal/repository/mocks/StudentRepository.go:58.8,60.3 1 0
eduhub/server/internal/repository/mocks/StudentRepository.go:62.2,62.15 1 0
eduhub/server/internal/repository/mocks/StudentRepository.go:66.86,69.19 2 0
eduhub/server/internal/repository/mocks/StudentRepository.go:69.19,70.55 1 0
eduhub/server/internal/repository/mocks/StudentRepository.go:73.2,74.68 2 0
eduhub/server/internal/repository/mocks/StudentRepository.go:74.68,76.3 1 0
eduhub/server/internal/repository/mocks/StudentRepository.go:76.8,78.3 1 0
eduhub/server/internal/repository/mocks/StudentRepository.go:80.2,80.11 1 0
eduhub/server/internal/repository/mocks/StudentRepository.go:84.121,87.19 2 0
eduhub/server/internal/repository/mocks/StudentRepository.go:87.19,88.56 1 0
eduhub/server/internal/repository/mocks/StudentRepository.go:91.2,93.89 3 0
eduhub/server/internal/repository/mocks/StudentRepository.go:93.89,95.3 1 0
eduhub/server/internal/repository/mocks/StudentRepository.go:96.2,96.80 1 0
eduhub/server/internal/repository/mocks/StudentRepository.go:96.80,98.3 1 0
eduhub/server/internal/repository/mocks/StudentRepository.go:98.8,99.24 1 0
eduhub/server/internal/repository/mocks/StudentRepository.go:99.24,101.4 1 0
eduhub/server/internal/repository/mocks/StudentRepository.go:104.2,104.70 1 0
eduhub/server/internal/repository/mocks/StudentRepository.go:104.70,106.3 1 0
eduhub/server/internal/repository/mocks/StudentRepository.go:106.8,108.3 1 0
eduhub/server/internal/repository/mocks/StudentRepository.go:110.2,110.15 1 0
eduhub/server/internal/repository/mocks/StudentRepository.go:114.110,117.19 2 0
eduhub/server/internal/repository/mocks/StudentRepository.go:117.19,118.60 1 0
eduhub/server/internal/repository/mocks/StudentRepository.go:121.2,123.87 3 0
eduhub/server/internal/repository/mocks/StudentRepository.go:123.87,125.3 1 0
eduhub/server/internal/repository/mocks/StudentRepository.go:126.2,126.78 1 0
eduhub/server/internal/repository/mocks/StudentRepository.go:126.78,128.3 1 0
eduhub/server/internal/repository/mocks/StudentRepository.go:128.8,129.24 1 0
eduhub/server/internal/repository/mocks/StudentRepository.go:129.24,131.4 1 0
eduhub/server/internal/repository/mocks/StudentRepository.go:134.2,134.68 1 0
eduhub/server/internal/repository/mocks/StudentRepository.go:134.68,136.3 1 0
eduhub/server/internal/repository/mocks/StudentRepository.go:136.8,138.3 1 0
eduhub/server/internal/repository/mocks/StudentRepository.go:140.2,140.15 1 0
eduhub/server/internal/repository/mocks/StudentRepository.go:144.88,147.19 2 0
eduhub/server/internal/repository/mocks/StudentRepository.go:147.19,148.57 1 0
eduhub/server/internal/repository/mocks/StudentRepository.go:151.2,152.68 2 0
eduhub/server/internal/repository/mocks/StudentRepository.go:152.68,154.3 1 0
eduhub/server/internal/repository/mocks/StudentRepository.go:154.8,156.3 1 0
eduhub/server/internal/repository/mocks/StudentRepository.go:158.2,158.11 1 0
eduhub/server/internal/repository/mocks/StudentRepository.go:162.94,165.19 2 0
eduhub/server/internal/repository/mocks/StudentRepository.go:165.19,166.55 1 0
eduhub/server/internal/repository/mocks/StudentRepository.go:169.2,170.77 2 0
eduhub/server/internal/repository/mocks/StudentRepository.go:170.77,172.3 1 0
eduhub/server/internal/repository/mocks/StudentRepository.go:172.8,174.3 1 0
eduhub/server/internal/repository/mocks/StudentRepository.go:176.2,176.11 1 0
eduhub/server/internal/repository/mocks/StudentRepository.go:184.23,188.19 3 0
eduhub/server/internal/repository/mocks/StudentRepository.go:188.19,188.49 1 0
eduhub/server/internal/repository/mocks/StudentRepository.go:190.2,190.13 1 0
eduhub/server/internal/repository/mocks/UserRepository.go:18.84,21.19 2 0
eduhub/server/internal/repository/mocks/UserRepository.go:21.19,22.52 1 0
eduhub/server/internal/repository/mocks/UserRepository.go:25.2,26.74 2 0
eduhub/server/internal/repository/mocks/UserRepository.go:26.74,28.3 1 0
eduhub/server/internal/repository/mocks/UserRepository.go:28.8,30.3 1 0
eduhub/server/internal/repository/mocks/UserRepository.go:32.2,32.11 1 0
eduhub/server/internal/repository/mocks/UserRepository.go:36.80,39.19 2 0
eduhub/server/internal/repository/mocks/UserRepository.go:39.19,40.52 1 0
eduhub/server/internal/repository/mocks/UserRepository.go:43.2,44.68 2 0
eduhub/server/internal/repository/mocks/UserRepository.go:44.68,46.3 1 0
eduhub/server/internal/repository/mocks/UserRepository.go:46.8,48.3 1 0
eduhub/server/internal/repository/mocks/UserRepository.go:50.2,50.11 1 0
eduhub/server/internal/repository/mocks/UserRepository.go:54.80,57.19 2 0
eduhub/server/internal/repository/mocks/UserRepository.go:57.19,58.52 1 0
eduhub/server/internal/repository/mocks/UserRepository.go:61.2,62.68 2 0
eduhub/server/internal/repository/mocks/UserRepository.go:62.68,64.3 1 0
eduhub/server/internal/repository/mocks/UserRepository.go:64.8,66.3 1 0
eduhub/server/internal/repository/mocks/UserRepository.go:68.2,68.11 1 0
eduhub/server/internal/repository/mocks/UserRepository.go:72.84,75.19 2 0
eduhub/server/internal/repository/mocks/UserRepository.go:75.19,76.52 1 0
eduhub/server/internal/repository/mocks/UserRepository.go:79.2,80.74 2 0
eduhub/server/internal/repository/mocks/UserRepository.go:80.74,82.3 1 0
eduhub/server/internal/repository/mocks/UserRepository.go:82.8,84.3 1 0
eduhub/server/internal/repository/mocks/UserRepository.go:86.2,86.11 1 0
eduhub/server/internal/repository/mocks/UserRepository.go:94.20,98.19 3 0
eduhub/server/internal/repository/mocks/UserRepository.go:98.19,98.49 1 0
eduhub/server/internal/repository/mocks/UserRepository.go:100.2,100.13 1 0
eduhub/server/internal/services/services.go:92.48,114.16 18 0
eduhub/server/internal/services/services.go:114.16,116.3 1 0
eduhub/server/internal/services/services.go:119.2,136.30 7 0
eduhub/server/internal/services/services.go:136.30,137.37 1 0
eduhub/server/internal/services/services.go:137.37,139.4 1 0
eduhub/server/internal/services/services.go:140.3,140.39 1 0
eduhub/server/internal/services/services.go:140.39,142.4 1 0
eduhub/server/internal/services/services.go:143.3,146.77 3 0
eduhub/server/internal/services/services.go:146.77,155.18 2 0
eduhub/server/internal/services/services.go:155.18,157.5 1 0
eduhub/server/internal/services/services.go:157.10,159.5 1 0
eduhub/server/internal/services/services.go:163.2,176.55 6 0
eduhub/server/internal/services/services.go:176.55,178.17 2 0
eduhub/server/internal/services/services.go:178.17,181.4 2 0
eduhub/server/internal/services/services.go:181.9,183.4 1 0
eduhub/server/internal/services/services.go:184.8,186.3 1 0
eduhub/server/internal/services/services.go:187.2,238.24 33 0
eduhub/server/internal/services/services.go:238.24,240.3 1 0
eduhub/server/internal/services/services.go:241.2,257.28 12 0
eduhub/server/internal/services/services.go:257.28,265.3 1 0
eduhub/server/internal/services/services.go:265.8,268.3 1 0
eduhub/server/internal/services/services.go:269.2,321.3 11 0
eduhub/server/internal/services/analytics/advanced_analytics_service.go:165.111,171.2 1 0
eduhub/server/internal/services/analytics/advanced_analytics_service.go:173.134,178.16 3 0
eduhub/server/internal/services/analytics/advanced_analytics_service.go:178.16,180.3 1 0
eduhub/server/internal/services/analytics/advanced_analytics_service.go:181.2,185.16 3 0
eduhub/server/internal/services/analytics/advanced_analytics_service.go:185.16,187.3 1 0
eduhub/server/internal/services/analytics/advanced_analytics_service.go:188.2,195.16 4 0
eduhub/server/internal/services/analytics/advanced_analytics_service.go:195.16,197.3 1 0
eduhub/server/internal/services/analytics/advanced_analytics_service.go:198.2,203.25 3 0
eduhub/server/internal/services/analytics/advanced_analytics_service.go:206.129,211.16 3 0
eduhub/server/internal/services/analytics/advanced_analytics_service.go:211.16,213.3 1 0
eduhub/server/internal/services/analytics/advanced_analytics_service.go:214.2,218.16 3 0
eduhub/server/internal/services/analytics/advanced_analytics_service.go:218.16,220.3 1 0
eduhub/server/internal/services/analytics/advanced_analytics_service.go:221.2,223.23 2 0
eduhub/server/internal/services/analytics/advanced_analytics_service.go:223.23,225.3 1 0
eduhub/server/internal/services/analytics/advanced_analytics_service.go:228.2,229.16 2 0
eduhub/server/internal/services/analytics/advanced_analytics_service.go:229.16,231.3 1 0
eduhub/server/internal/services/analytics/advanced_analytics_service.go:232.2,236.16 3 0
eduhub/server/internal/services/analytics/advanced_analytics_service.go:236.16,238.3 1 0
eduhub/server/internal/services/analytics/advanced_analytics_service.go:239.2,243.16 3 0
eduhub/server/internal/services/analytics/advanced_analytics_service.go:243.16,245.3 1 0
eduhub/server/internal/services/analytics/advanced_analytics_service.go:246.2,250.16 3 0
eduhub/server/internal/services/analytics/advanced_analytics_service.go:250.16,252.3 1 0
eduhub/server/internal/services/analytics/advanced_analytics_service.go:253.2,255.24 2 0
eduhub/server/internal/services/analytics/advanced_analytics_service.go:258.123,263.16 3 0
eduhub/server/internal/services/analytics/advanced_analytics_service.go:263.16,265.3 1 0
eduhub/server/internal/services/analytics/advanced_analytics_service.go:266.2,270.16 3 0
eduhub/server/internal/services/analytics/advanced_analytics_service.go:270.16,272.3 1 0
eduhub/server/internal/services/analytics/advanced_analytics_service.go:273.2,278.22 3 0
eduhub/server/internal/services/analytics/advanced_analytics_service.go:281.152,285.40 2 0
eduhub/server/internal/services/analytics/advanced_analytics_service.go:285.40,287.3 1 0
eduhub/server/internal/services/analytics/advanced_analytics_service.go:287.8,289.3 1 0
eduhub/server/internal/services/analytics/advanced_analytics_service.go:292.2,293.16 2 0
eduhub/server/internal/services/analytics/advanced_analytics_service.go:293.16,295.3 1 0
eduhub/server/internal/services/analytics/advanced_analytics_service.go:296.2,299.16 3 0
eduhub/server/internal/services/analytics/advanced_analytics_service.go:299.16,301.3 1 0
eduhub/server/internal/services/analytics/advanced_analytics_service.go:302.2,306.16 3 0
eduhub/server/internal/services/analytics/advanced_analytics_service.go:306.16,308.3 1 0
eduhub/server/internal/services/analytics/advanced_analytics_service.go:309.2,313.16 3 0
eduhub/server/internal/services/analytics/advanced_analytics_service.go:313.16,315.3 1 0
eduhub/server/internal/services/analytics/advanced_analytics_service.go:316.2,318.23 2 0
eduhub/server/internal/services/analytics/advanced_analytics_service.go:321.154,324.20 2 0
eduhub/server/internal/services/analytics/advanced_analytics_service.go:325.17,326.65 1 0
eduhub/server/internal/services/analytics/advanced_analytics_service.go:327.16,328.64 1 0
eduhub/server/internal/services/analytics/advanced_analytics_service.go:329.10,330.67 1 0
eduhub/server/internal/services/analytics/advanced_analytics_service.go:334.142,340.27 3 0
eduhub/server/internal/services/analytics/advanced_analytics_service.go:340.27,341.43 1 0
eduhub/server/internal/services/analytics/advanced_analytics_service.go:341.43,343.18 2 0
eduhub/server/internal/services/analytics/advanced_analytics_service.go:343.18,344.13 1 0
eduhub/server/internal/services/analytics/advanced_analytics_service.go:346.4,346.50 1 0
eduhub/server/internal/services/analytics/advanced_analytics_service.go:350.2,354.22 4 0
eduhub/server/internal/services/analytics/advanced_analytics_service.go:359.133,369.16 3 0
eduhub/server/internal/services/analytics/advanced_analytics_service.go:369.16,371.3 1 0
eduhub/server/internal/services/analytics/advanced_analytics_service.go:372.2,375.18 3 0
eduhub/server/internal/services/analytics/advanced_analytics_service.go:375.18,377.67 2 0
eduhub/server/internal/services/analytics/advanced_analytics_service.go:377.67,378.12 1 0
eduhub/server/internal/services/analytics/advanced_analytics_service.go:380.3,381.33 2 0
eduhub/server/internal/services/analytics/advanced_analytics_service.go:384.2,384.20 1 0
eduhub/server/internal/services/analytics/advanced_analytics_service.go:387.135,398.16 3 0
eduhub/server/internal/services/analytics/advanced_analytics_service.go:398.16,400.3 1 0
eduhub/server/internal/services/analytics/advanced_analytics_service.go:401.2,404.18 3 0
eduhub/server/internal/services/analytics/advanced_analytics_service.go:404.18,406.71 2 0
eduhub/server/internal/services/analytics/advanced_analytics_service.go:406.71,407.12 1 0
eduhub/server/internal/services/analytics/advanced_analytics_service.go:409.3,409.33 1 0
eduhub/server/internal/services/analytics/advanced_analytics_service.go:412.2,412.20 1 0
eduhub/server/internal/services/analytics/advanced_analytics_service.go:415.127,416.21 1 0
eduhub/server/internal/services/analytics/advanced_analytics_service.go:416.21,418.3 1 0
eduhub/server/internal/services/analytics/advanced_analytics_service.go:421.2,426.30 5 0
eduhub/server/internal/services/analytics/advanced_analytics_service.go:426.30,428.3 1 0
eduhub/server/internal/services/analytics/advanced_analytics_service.go:429.2,431.31 2 0
eduhub/server/internal/services/analytics/advanced_analytics_service.go:431.31,433.3 1 0
eduhub/server/internal/services/analytics/advanced_analytics_service.go:434.2,436.30 2 0
eduhub/server/internal/services/analytics/advanced_analytics_service.go:436.30,438.3 1 0
eduhub/server/internal/services/analytics/advanced_analytics_service.go:438.8,438.37 1 0
eduhub/server/internal/services/analytics/advanced_analytics_service.go:438.37,440.3 1 0
eduhub/server/internal/services/analytics/advanced_analytics_service.go:441.2,441.17 1 0
eduhub/server/internal/services/analytics/advanced_analytics_service.go:444.154,447.15 2 0
eduhub/server/internal/services/analytics/advanced_analytics_service.go:448.19,450.87 2 0
eduhub/server/internal/services/analytics/advanced_analytics_service.go:451.19,453.76 2 0
eduhub/server/internal/services/analytics/advanced_analytics_service.go:457.2,457.25 1 0
eduhub/server/internal/services/analytics/advanced_analytics_service.go:457.25,459.33 2 0
eduhub/server/internal/services/analytics/advanced_analytics_service.go:459.33,461.4 1 0
eduhub/server/internal/services/analytics/advanced_analytics_service.go:464.2,464.24 1 0
eduhub/server/internal/services/analytics/advanced_analytics_service.go:467.112,471.2 3 0
eduhub/server/internal/services/analytics/advanced_analytics_service.go:473.119,490.2 5 0
eduhub/server/internal/services/analytics/advanced_analytics_service.go:492.127,498.16 4 0
eduhub/server/internal/services/analytics/advanced_analytics_service.go:498.16,500.3 1 0
eduhub/server/internal/services/analytics/advanced_analytics_service.go:501.2,506.16 4 0
eduhub/server/internal/services/analytics/advanced_analytics_service.go:506.16,508.3 1 0
eduhub/server/internal/services/analytics/advanced_analytics_service.go:509.2,514.16 4 0
eduhub/server/internal/services/analytics/advanced_analytics_service.go:514.16,516.3 1 0
eduhub/server/internal/services/analytics/advanced_analytics_service.go:517.2,519.23 2 0
eduhub/server/internal/services/analytics/advanced_analytics_service.go:522.118,535.16 3 0
eduhub/server/internal/services/analytics/advanced_analytics_service.go:535.16,537.3 1 0
eduhub/server/internal/services/analytics/advanced_analytics_service.go:538.2,541.18 3 0
eduhub/server/internal/services/analytics/advanced_analytics_service.go:541.18,544.50 3 0
eduhub/server/internal/services/analytics/advanced_analytics_service.go:544.50,545.12 1 0
eduhub/server/internal/services/analytics/advanced_analytics_service.go:547.3,547.30 1 0
eduhub/server/internal/services/analytics/advanced_analytics_service.go:550.2,550.19 1 0
eduhub/server/internal/services/analytics/advanced_analytics_service.go:553.120,584.16 3 0
eduhub/server/internal/services/analytics/advanced_analytics_service.go:584.16,586.3 1 0
eduhub/server/internal/services/analytics/advanced_analytics_service.go:587.2,590.18 3 0
eduhub/server/internal/services/analytics/advanced_analytics_service.go:590.18,592.47 2 0
eduhub/server/internal/services/analytics/advanced_analytics_service.go:592.47,593.12 1 0
eduhub/server/internal/services/analytics/advanced_analytics_service.go:595.3,595.41 1 0
eduhub/server/internal/services/analytics/advanced_analytics_service.go:598.2,598.22 1 0
eduhub/server/internal/services/analytics/advanced_analytics_service.go:601.118,621.16 3 0
eduhub/server/internal/services/analytics/advanced_analytics_service.go:621.16,623.3 1 0
eduhub/server/internal/services/analytics/advanced_analytics_service.go:624.2,627.18 3 0
eduhub/server/internal/services/analytics/advanced_analytics_service.go:627.18,632.109 4 0
eduhub/server/internal/services/analytics/advanced_analytics_service.go:632.109,633.12 1 0
eduhub/server/internal/services/analytics/advanced_analytics_service.go:636.3,637.20 2 0
eduhub/server/internal/services/analytics/advanced_analytics_service.go:637.20,639.4 1 0
eduhub/server/internal/services/analytics/advanced_analytics_service.go:640.3,640.26 1 0
eduhub/server/internal/services/analytics/advanced_analytics_service.go:640.26,642.4 1 0
eduhub/server/internal/services/analytics/advanced_analytics_service.go:643.3,643.24 1 0
eduhub/server/internal/services/analytics/advanced_analytics_service.go:643.24,645.4 1 0
eduhub/server/internal/services/analytics/advanced_analytics_service.go:647.3,649.62 3 0
eduhub/server/internal/services/analytics/advanced_analytics_service.go:649.62,651.4 1 0
eduhub/server/internal/services/analytics/advanced_analytics_service.go:651.9,651.67 1 0
eduhub/server/internal/services/analytics/advanced_analytics_service.go:651.67,653.4 1 0
eduhub/server/internal/services/analytics/advanced_analytics_service.go:655.3,656.26 2 0
eduhub/server/internal/services/analytics/advanced_analytics_service.go:656.26,659.4 2 0
eduhub/server/internal/services/analytics/advanced_analytics_service.go:659.9,662.4 2 0
eduhub/server/internal/services/analytics/advanced_analytics_service.go:664.3,670.5 1 0
eduhub/server/internal/services/analytics/advanced_analytics_service.go:673.2,673.26 1 0
eduhub/server/internal/services/analytics/advanced_analytics_service.go:676.127,691.16 3 0
eduhub/server/internal/services/analytics/advanced_analytics_service.go:691.16,693.3 1 0
eduhub/server/internal/services/analytics/advanced_analytics_service.go:694.2,697.18 3 0
eduhub/server/internal/services/analytics/advanced_analytics_service.go:697.18,703.96 5 0
eduhub/server/internal/services/analytics/advanced_analytics_service.go:703.96,704.12 1 0
eduhub/server/internal/services/analytics/advanced_analytics_service.go:707.3,708.19 2 0
eduhub/server/internal/services/analytics/advanced_analytics_service.go:708.19,710.4 1 0
eduhub/server/internal/services/analytics/advanced_analytics_service.go:711.3,718.5 2 0
eduhub/server/internal/services/analytics/advanced_analytics_service.go:721.2,721.29 1 0
eduhub/server/internal/services/analytics/advanced_analytics_service.go:724.143,727.29 2 0
eduhub/server/internal/services/analytics/advanced_analytics_service.go:727.29,729.3 1 0
eduhub/server/internal/services/analytics/advanced_analytics_service.go:731.2,732.39 2 0
eduhub/server/internal/services/analytics/advanced_analytics_service.go:732.39,733.31 1 0
eduhub/server/internal/services/analytics/advanced_analytics_service.go:733.31,735.4 1 0
eduhub/server/internal/services/analytics/advanced_analytics_service.go:738.2,738.30 1 0
eduhub/server/internal/services/analytics/advanced_analytics_service.go:738.30,740.3 1 0
eduhub/server/internal/services/analytics/advanced_analytics_service.go:742.2,742.24 1 0
eduhub/server/internal/services/analytics/advanced_analytics_service.go:745.139,749.9 3 0
eduhub/server/internal/services/analytics/advanced_analytics_service.go:750.21,751.38 1 0
eduhub/server/internal/services/analytics/advanced_analytics_service.go:752.21,753.34 1 0
eduhub/server/internal/services/analytics/advanced_analytics_service.go:754.21,755.37 1 0
eduhub/server/internal/services/analytics/advanced_analytics_service.go:758.2,758.9 1 0
eduhub/server/internal/services/analytics/advanced_analytics_service.go:759.27,760.43 1 0
eduhub/server/internal/services/analytics/advanced_analytics_service.go:761.27,762.39 1 0
eduhub/server/internal/services/analytics/advanced_analytics_service.go:763.27,764.42 1 0
eduhub/server/internal/services/analytics/advanced_analytics_service.go:767.2,767.9 1 0
eduhub/server/internal/services/analytics/advanced_analytics_service.go:768.25,769.40 1 0
eduhub/server/internal/services/analytics/advanced_analytics_service.go:770.24,771.41 1 0
eduhub/server/internal/services/analytics/advanced_analytics_service.go:774.2,774.27 1 0
eduhub/server/internal/services/analytics/advanced_analytics_service.go:774.27,776.3 1 0
eduhub/server/internal/services/analytics/advanced_analytics_service.go:778.2,778.30 1 0
eduhub/server/internal/services/analytics/advanced_analytics_service.go:778.30,780.3 1 0
eduhub/server/internal/services/analytics/advanced_analytics_service.go:781.2,781.30 1 0
eduhub/server/internal/services/analytics/advanced_analytics_service.go:781.30,783.3 1 0
eduhub/server/internal/services/analytics/advanced_analytics_service.go:785.2,785.36 1 0
eduhub/server/internal/services/analytics/advanced_analytics_service.go:788.111,792.2 3 0
eduhub/server/internal/services/analytics/advanced_analytics_service.go:794.110,798.2 3 0
eduhub/server/internal/services/analytics/advanced_analytics_service.go:800.136,815.16 3 0
eduhub/server/internal/services/analytics/advanced_analytics_service.go:815.16,817.3 1 0
eduhub/server/internal/services/analytics/advanced_analytics_service.go:818.2,821.18 3 0
eduhub/server/internal/services/analytics/advanced_analytics_service.go:821.18,823.119 2 0
eduhub/server/internal/services/analytics/advanced_analytics_service.go:823.119,824.12 1 0
eduhub/server/internal/services/analytics/advanced_analytics_service.go:826.3,826.36 1 0
eduhub/server/internal/services/analytics/advanced_analytics_service.go:829.2,829.21 1 0
eduhub/server/internal/services/analytics/advanced_analytics_service.go:832.124,850.36 6 0
eduhub/server/internal/services/analytics/advanced_analytics_service.go:850.36,856.3 1 0
eduhub/server/internal/services/analytics/advanced_analytics_service.go:859.2,873.36 3 0
eduhub/server/internal/services/analytics/advanced_analytics_service.go:873.36,879.3 1 0
eduhub/server/internal/services/analytics/advanced_analytics_service.go:882.2,896.36 3 0
eduhub/server/internal/services/analytics/advanced_analytics_service.go:896.36,902.3 1 0
eduhub/server/internal/services/analytics/advanced_analytics_service.go:904.2,904.22 1 0
eduhub/server/internal/services/analytics/advanced_analytics_service.go:907.136,917.16 4 0
eduhub/server/internal/services/analytics/advanced_analytics_service.go:917.16,919.3 1 0
eduhub/server/internal/services/analytics/advanced_analytics_service.go:920.2,921.16 2 0
eduhub/server/internal/services/analytics/advanced_analytics_service.go:921.16,923.3 1 0
eduhub/server/internal/services/analytics/advanced_analytics_service.go:925.2,931.33 4 0
eduhub/server/internal/services/analytics/advanced_analytics_service.go:931.33,934.17 2 0
eduhub/server/internal/services/analytics/advanced_analytics_service.go:935.20,936.177 1 0
eduhub/server/internal/services/analytics/advanced_analytics_service.go:936.177,938.5 1 0
eduhub/server/internal/services/analytics/advanced_analytics_service.go:939.4,939.177 1 0
eduhub/server/internal/services/analytics/advanced_analytics_service.go:939.177,941.5 1 0
eduhub/server/internal/services/analytics/advanced_analytics_service.go:942.26,943.219 1 0
eduhub/server/internal/services/analytics/advanced_analytics_service.go:943.219,945.5 1 0
eduhub/server/internal/services/analytics/advanced_analytics_service.go:946.4,946.219 1 0
eduhub/server/internal/services/analytics/advanced_analytics_service.go:946.219,948.5 1 0
eduhub/server/internal/services/analytics/advanced_analytics_service.go:951.3,955.30 3 0
eduhub/server/internal/services/analytics/advanced_analytics_service.go:955.30,956.23 1 0
eduhub/server/internal/services/analytics/advanced_analytics_service.go:956.23,958.5 1 0
eduhub/server/internal/services/analytics/advanced_analytics_service.go:958.10,960.5 1 0
eduhub/server/internal/services/analytics/advanced_analytics_service.go:964.2,964.24 1 0
eduhub/server/internal/services/analytics/advanced_analytics_service.go:967.105,970.27 2 0
eduhub/server/internal/services/analytics/advanced_analytics_service.go:970.27,972.3 1 0
eduhub/server/internal/services/analytics/advanced_analytics_service.go:974.2,976.35 3 0
eduhub/server/internal/services/analytics/advanced_analytics_service.go:976.35,978.3 1 0
eduhub/server/internal/services/analytics/advanced_analytics_service.go:980.2,980.26 1 0
eduhub/server/internal/services/analytics/advanced_analytics_service.go:980.26,982.3 1 0
eduhub/server/internal/services/analytics/advanced_analytics_service.go:984.2,984.17 1 0
eduhub/server/internal/services/analytics/advanced_analytics_service.go:987.112,993.26 2 0
eduhub/server/internal/services/analytics/advanced_analytics_service.go:993.26,996.3 2 0
eduhub/server/internal/services/analytics/advanced_analytics_service.go:998.2,998.24 1 0
eduhub/server/internal/services/analytics/advanced_analytics_service.go:1001.29,1002.11 1 0
eduhub/server/internal/services/analytics/advanced_analytics_service.go:1002.11,1004.3 1 0
eduhub/server/internal/services/analytics/advanced_analytics_service.go:1005.2,1005.10 1 0
eduhub/server/internal/services/analytics/advanced_analytics_service.go:1008.139,1023.16 4 0
eduhub/server/internal/services/analytics/advanced_analytics_service.go:1023.16,1025.3 1 0
eduhub/server/internal/services/analytics/advanced_analytics_service.go:1026.2,1030.18 4 0
eduhub/server/internal/services/analytics/advanced_analytics_service.go:1030.18,1033.50 3 0
eduhub/server/internal/services/analytics/advanced_analytics_service.go:1033.50,1034.12 1 0
eduhub/server/internal/services/analytics/advanced_analytics_service.go:1037.3,1038.13 2 0
eduhub/server/internal/services/analytics/advanced_analytics_service.go:1038.13,1040.4 1 0
eduhub/server/internal/services/analytics/advanced_analytics_service.go:1042.3,1050.16 3 0
eduhub/server/internal/services/analytics/advanced_analytics_service.go:1054.2,1065.16 3 0
eduhub/server/internal/services/analytics/advanced_analytics_service.go:1065.16,1067.3 1 0
eduhub/server/internal/services/analytics/advanced_analytics_service.go:1068.2,1072.18 4 0
eduhub/server/internal/services/analytics/advanced_analytics_service.go:1072.18,1075.50 3 0
eduhub/server/internal/services/analytics/advanced_analytics_service.go:1075.50,1076.12 1 0
eduhub/server/internal/services/analytics/advanced_analytics_service.go:1079.3,1080.30 2 0
eduhub/server/internal/services/analytics/advanced_analytics_service.go:1080.30,1082.4 1 0
eduhub/server/internal/services/analytics/advanced_analytics_service.go:1084.3,1092.16 3 0
eduhub/server/internal/services/analytics/advanced_analytics_service.go:1095.2,1095.20 1 0
eduhub/server/internal/services/analytics/advanced_analytics_service.go:1098.137,1113.16 4 0
eduhub/server/internal/services/analytics/advanced_analytics_service.go:1113.16,1115.3 1 0
eduhub/server/internal/services/analytics/advanced_analytics_service.go:1116.2,1120.18 4 0
eduhub/server/internal/services/analytics/advanced_analytics_service.go:1120.18,1123.50 3 0
eduhub/server/internal/services/analytics/advanced_analytics_service.go:1123.50,1124.12 1 0
eduhub/server/internal/services/analytics/advanced_analytics_service.go:1127.3,1128.30 2 0
eduhub/server/internal/services/analytics/advanced_analytics_service.go:1128.30,1130.4 1 0
eduhub/server/internal/services/analytics/advanced_analytics_service.go:1132.3,1140.16 3 0
eduhub/server/internal/services/analytics/advanced_analytics_service.go:1144.2,1155.16 3 0
eduhub/server/internal/services/analytics/advanced_analytics_service.go:1155.16,1157.3 1 0
eduhub/server/internal/services/analytics/advanced_analytics_service.go:1158.2,1162.18 4 0
eduhub/server/internal/services/analytics/advanced_analytics_service.go:1162.18,1165.50 3 0
eduhub/server/internal/services/analytics/advanced_analytics_service.go:1165.50,1166.12 1 0
eduhub/server/internal/services/analytics/advanced_analytics_service.go:1169.3,1170.30 2 0
eduhub/server/internal/services/analytics/advanced_analytics_service.go:1170.30,1172.4 1 0
eduhub/server/internal/services/analytics/advanced_analytics_service.go:1174.3,1182.16 3 0
eduhub/server/internal/services/analytics/advanced_analytics_service.go:1185.2,1185.20 1 0
eduhub/server/internal/services/analytics/advanced_analytics_service.go:1189.125,1203.16 3 0
eduhub/server/internal/services/analytics/advanced_analytics_service.go:1203.16,1205.3 1 0
eduhub/server/internal/services/analytics/advanced_analytics_service.go:1206.2,1209.18 3 0
eduhub/server/internal/services/analytics/advanced_analytics_service.go:1209.18,1214.66 4 0
eduhub/server/internal/services/analytics/advanced_analytics_service.go:1214.66,1215.12 1 0
eduhub/server/internal/services/analytics/advanced_analytics_service.go:1218.3,1222.5 1 0
eduhub/server/internal/services/analytics/advanced_analytics_service.go:1225.2,1225.25 1 0
eduhub/server/internal/services/analytics/advanced_analytics_service.go:1229.131,1262.16 3 0
eduhub/server/internal/services/analytics/advanced_analytics_service.go:1262.16,1264.3 1 0
eduhub/server/internal/services/analytics/advanced_analytics_service.go:1265.2,1268.18 3 0
eduhub/server/internal/services/analytics/advanced_analytics_service.go:1268.18,1272.102 3 0
eduhub/server/internal/services/analytics/advanced_analytics_service.go:1272.102,1273.12 1 0
eduhub/server/internal/services/analytics/advanced_analytics_service.go:1276.3,1282.5 1 0
eduhub/server/internal/services/analytics/advanced_analytics_service.go:1285.2,1285.22 1 0
eduhub/server/internal/services/analytics/analytics_service.go:87.20,96.2 1 0
eduhub/server/internal/services/analytics/analytics_service.go:98.148,102.16 3 0
eduhub/server/internal/services/analytics/analytics_service.go:102.16,104.3 1 0
eduhub/server/internal/services/analytics/analytics_service.go:105.2,108.16 3 0
eduhub/server/internal/services/analytics/analytics_service.go:108.16,110.3 1 0
eduhub/server/internal/services/analytics/analytics_service.go:111.2,114.16 3 0
eduhub/server/internal/services/analytics/analytics_service.go:114.16,116.3 1 0
eduhub/server/internal/services/analytics/analytics_service.go:117.2,121.16 4 0
eduhub/server/internal/services/analytics/analytics_service.go:121.16,123.3 1 0
eduhub/server/internal/services/analytics/analytics_service.go:124.2,128.21 3 0
eduhub/server/internal/services/analytics/analytics_service.go:128.21,130.17 2 0
eduhub/server/internal/services/analytics/analytics_service.go:130.17,132.4 1 0
eduhub/server/internal/services/analytics/analytics_service.go:133.3,133.40 1 0
eduhub/server/internal/services/analytics/analytics_service.go:136.2,136.21 1 0
eduhub/server/internal/services/analytics/analytics_service.go:139.119,143.16 3 0
eduhub/server/internal/services/analytics/analytics_service.go:143.16,145.3 1 0
eduhub/server/internal/services/analytics/analytics_service.go:146.2,149.16 3 0
eduhub/server/internal/services/analytics/analytics_service.go:149.16,151.3 1 0
eduhub/server/internal/services/analytics/analytics_service.go:152.2,155.16 3 0
eduhub/server/internal/services/analytics/analytics_service.go:155.16,157.3 1 0
eduhub/server/internal/services/analytics/analytics_service.go:158.2,161.16 3 0
eduhub/server/internal/services/analytics/analytics_service.go:161.16,163.3 1 0
eduhub/server/internal/services/analytics/analytics_service.go:164.2,167.16 3 0
eduhub/server/internal/services/analytics/analytics_service.go:167.16,169.3 1 0
eduhub/server/internal/services/analytics/analytics_service.go:170.2,173.16 3 0
eduhub/server/internal/services/analytics/analytics_service.go:173.16,175.3 1 0
eduhub/server/internal/services/analytics/analytics_service.go:176.2,179.16 3 0
eduhub/server/internal/services/analytics/analytics_service.go:179.16,181.3 1 0
eduhub/server/internal/services/analytics/analytics_service.go:182.2,184.23 2 0
eduhub/server/internal/services/analytics/analytics_service.go:187.111,190.145 2 0
eduhub/server/internal/services/analytics/analytics_service.go:190.145,192.3 1 0
eduhub/server/internal/services/analytics/analytics_service.go:194.2,194.143 1 0
eduhub/server/internal/services/analytics/analytics_service.go:194.143,196.3 1 0
eduhub/server/internal/services/analytics/analytics_service.go:198.2,198.164 1 0
eduhub/server/internal/services/analytics/analytics_service.go:198.164,200.3 1 0
eduhub/server/internal/services/analytics/analytics_service.go:202.2,203.16 2 0
eduhub/server/internal/services/analytics/analytics_service.go:203.16,205.3 1 0
eduhub/server/internal/services/analytics/analytics_service.go:206.2,209.16 3 0
eduhub/server/internal/services/analytics/analytics_service.go:209.16,211.3 1 0
eduhub/server/internal/services/analytics/analytics_service.go:212.2,214.227 2 0
eduhub/server/internal/services/analytics/analytics_service.go:214.227,216.3 1 0
eduhub/server/internal/services/analytics/analytics_service.go:218.2,218.177 1 0
eduhub/server/internal/services/analytics/analytics_service.go:218.177,220.3 1 0
eduhub/server/internal/services/analytics/analytics_service.go:222.2,222.23 1 0
eduhub/server/internal/services/analytics/analytics_service.go:225.126,233.21 3 0
eduhub/server/internal/services/analytics/analytics_service.go:233.21,236.3 2 0
eduhub/server/internal/services/analytics/analytics_service.go:238.2,241.16 3 0
eduhub/server/internal/services/analytics/analytics_service.go:241.16,243.3 1 0
eduhub/server/internal/services/analytics/analytics_service.go:244.2,247.18 3 0
eduhub/server/internal/services/analytics/analytics_service.go:247.18,250.69 3 0
eduhub/server/internal/services/analytics/analytics_service.go:250.69,252.4 1 0
eduhub/server/internal/services/analytics/analytics_service.go:254.3,256.19 3 0
eduhub/server/internal/services/analytics/analytics_service.go:256.19,258.4 1 0
eduhub/server/internal/services/analytics/analytics_service.go:260.3,260.33 1 0
eduhub/server/internal/services/analytics/analytics_service.go:263.2,263.20 1 0
eduhub/server/internal/services/analytics/analytics_service.go:266.124,282.16 3 0
eduhub/server/internal/services/analytics/analytics_service.go:282.16,284.3 1 0
eduhub/server/internal/services/analytics/analytics_service.go:285.2,288.18 3 0
eduhub/server/internal/services/analytics/analytics_service.go:288.18,290.57 2 0
eduhub/server/internal/services/analytics/analytics_service.go:290.57,292.4 1 0
eduhub/server/internal/services/analytics/analytics_service.go:293.3,293.42 1 0
eduhub/server/internal/services/analytics/analytics_service.go:296.2,296.26 1 0
eduhub/server/internal/services/analytics/analytics_service.go:299.130,303.21 3 0
eduhub/server/internal/services/analytics/analytics_service.go:303.21,306.3 2 0
eduhub/server/internal/services/analytics/analytics_service.go:308.2,309.75 2 0
eduhub/server/internal/services/analytics/analytics_service.go:309.75,311.3 1 0
eduhub/server/internal/services/analytics/analytics_service.go:313.2,313.15 1 0
eduhub/server/internal/services/analytics/analytics_service.go:313.15,315.3 1 0
eduhub/server/internal/services/analytics/analytics_service.go:317.2,317.15 1 0
eduhub/server/internal/services/analytics/analytics_service.go:320.122,327.21 3 0
eduhub/server/internal/services/analytics/analytics_service.go:327.21,330.3 2 0
eduhub/server/internal/services/analytics/analytics_service.go:332.2,333.87 2 0
eduhub/server/internal/services/analytics/analytics_service.go:333.87,335.3 1 0
eduhub/server/internal/services/analytics/analytics_service.go:337.2,337.16 1 0
eduhub/server/internal/services/analytics/analytics_service.go:337.16,339.3 1 0
eduhub/server/internal/services/analytics/analytics_service.go:341.2,341.64 1 0
eduhub/server/internal/services/analytics/analytics_service.go:344.124,355.21 5 0
eduhub/server/internal/services/analytics/analytics_service.go:355.21,361.3 4 0
eduhub/server/internal/services/analytics/analytics_service.go:363.2,364.101 2 0
eduhub/server/internal/services/analytics/analytics_service.go:364.101,366.3 1 0
eduhub/server/internal/services/analytics/analytics_service.go:368.2,369.87 2 0
eduhub/server/internal/services/analytics/analytics_service.go:369.87,371.3 1 0
eduhub/server/internal/services/analytics/analytics_service.go:373.2,373.30 1 0
eduhub/server/internal/services/analytics/analytics_service.go:376.122,382.21 3 0
eduhub/server/internal/services/analytics/analytics_service.go:382.21,385.3 2 0
eduhub/server/internal/services/analytics/analytics_service.go:387.2,389.83 3 0
eduhub/server/internal/services/analytics/analytics_service.go:389.83,391.3 1 0
eduhub/server/internal/services/analytics/analytics_service.go:393.2,393.15 1 0
eduhub/server/internal/services/analytics/analytics_service.go:393.15,395.3 1 0
eduhub/server/internal/services/analytics/analytics_service.go:397.2,397.22 1 0
eduhub/server/internal/services/analytics/analytics_service.go:400.120,412.16 3 0
eduhub/server/internal/services/analytics/analytics_service.go:412.16,414.3 1 0
eduhub/server/internal/services/analytics/analytics_service.go:415.2,418.18 3 0
eduhub/server/internal/services/analytics/analytics_service.go:418.18,423.94 4 0
eduhub/server/internal/services/analytics/analytics_service.go:423.94,425.4 1 0
eduhub/server/internal/services/analytics/analytics_service.go:427.3,427.26 1 0
eduhub/server/internal/services/analytics/analytics_service.go:427.26,429.4 1 0
eduhub/server/internal/services/analytics/analytics_service.go:430.3,430.23 1 0
eduhub/server/internal/services/analytics/analytics_service.go:430.23,432.4 1 0
eduhub/server/internal/services/analytics/analytics_service.go:434.3,434.32 1 0
eduhub/server/internal/services/analytics/analytics_service.go:437.2,437.21 1 0
eduhub/server/internal/services/analytics/analytics_service.go:440.104,442.159 2 0
eduhub/server/internal/services/analytics/analytics_service.go:442.159,444.3 1 0
eduhub/server/internal/services/analytics/analytics_service.go:445.2,445.19 1 0
eduhub/server/internal/services/analytics/analytics_service.go:448.112,451.142 2 0
eduhub/server/internal/services/analytics/analytics_service.go:451.142,453.3 1 0
eduhub/server/internal/services/analytics/analytics_service.go:454.2,454.16 1 0
eduhub/server/internal/services/analytics/analytics_service.go:454.16,456.3 1 0
eduhub/server/internal/services/analytics/analytics_service.go:457.2,457.64 1 0
eduhub/server/internal/services/analytics/analytics_service.go:460.110,462.171 2 0
eduhub/server/internal/services/analytics/analytics_service.go:462.171,464.3 1 0
eduhub/server/internal/services/analytics/analytics_service.go:465.2,465.15 1 0
eduhub/server/internal/services/analytics/analytics_service.go:465.15,467.3 1 0
eduhub/server/internal/services/analytics/analytics_service.go:468.2,468.15 1 0
eduhub/server/internal/services/analytics/analytics_service.go:471.137,472.24 1 0
eduhub/server/internal/services/analytics/analytics_service.go:472.24,474.3 1 0
eduhub/server/internal/services/analytics/analytics_service.go:476.2,477.170 2 0
eduhub/server/internal/services/analytics/analytics_service.go:477.170,479.3 1 0
eduhub/server/internal/services/analytics/analytics_service.go:481.2,481.27 1 0
eduhub/server/internal/services/analytics/analytics_service.go:481.27,483.3 1 0
eduhub/server/internal/services/analytics/analytics_service.go:485.2,488.108 2 0
eduhub/server/internal/services/analytics/analytics_service.go:488.108,490.3 1 0
eduhub/server/internal/services/analytics/analytics_service.go:492.2,493.22 2 0
eduhub/server/internal/services/analytics/analytics_service.go:493.22,495.3 1 0
eduhub/server/internal/services/analytics/analytics_service.go:497.2,497.74 1 0
eduhub/server/internal/services/analytics/analytics_service.go:500.130,501.24 1 0
eduhub/server/internal/services/analytics/analytics_service.go:501.24,503.3 1 0
eduhub/server/internal/services/analytics/analytics_service.go:505.2,506.162 2 0
eduhub/server/internal/services/analytics/analytics_service.go:506.162,508.3 1 0
eduhub/server/internal/services/analytics/analytics_service.go:510.2,510.23 1 0
eduhub/server/internal/services/analytics/analytics_service.go:510.23,512.3 1 0
eduhub/server/internal/services/analytics/analytics_service.go:514.2,517.100 2 0
eduhub/server/internal/services/analytics/analytics_service.go:517.100,519.3 1 0
eduhub/server/internal/services/analytics/analytics_service.go:521.2,522.22 2 0
eduhub/server/internal/services/analytics/analytics_service.go:522.22,524.3 1 0
eduhub/server/internal/services/analytics/analytics_service.go:526.2,526.71 1 0
eduhub/server/internal/services/analytics/analytics_service.go:529.110,533.16 3 0
eduhub/server/internal/services/analytics/analytics_service.go:533.16,535.3 1 0
eduhub/server/internal/services/analytics/analytics_service.go:536.2,539.18 3 0
eduhub/server/internal/services/analytics/analytics_service.go:539.18,541.40 2 0
eduhub/server/internal/services/analytics/analytics_service.go:541.40,543.4 1 0
eduhub/server/internal/services/analytics/analytics_service.go:544.3,544.38 1 0
eduhub/server/internal/services/analytics/analytics_service.go:547.2,547.24 1 0
eduhub/server/internal/services/analytics/analytics_service.go:550.104,569.16 3 0
eduhub/server/internal/services/analytics/analytics_service.go:569.16,571.3 1 0
eduhub/server/internal/services/analytics/analytics_service.go:572.2,575.18 3 0
eduhub/server/internal/services/analytics/analytics_service.go:575.18,577.40 2 0
eduhub/server/internal/services/analytics/analytics_service.go:577.40,579.4 1 0
eduhub/server/internal/services/analytics/analytics_service.go:580.3,580.24 1 0
eduhub/server/internal/services/analytics/analytics_service.go:583.2,583.17 1 0
eduhub/server/internal/services/analytics/analytics_service.go:586.103,589.95 2 0
eduhub/server/internal/services/analytics/analytics_service.go:589.95,591.3 1 0
eduhub/server/internal/services/analytics/analytics_service.go:593.2,593.16 1 0
eduhub/server/internal/services/analytics/analytics_service.go:593.16,595.3 1 0
eduhub/server/internal/services/analytics/analytics_service.go:597.2,597.64 1 0
eduhub/server/internal/services/analytics/analytics_service.go:600.106,602.142 2 0
eduhub/server/internal/services/analytics/analytics_service.go:602.142,604.3 1 0
eduhub/server/internal/services/analytics/analytics_service.go:606.2,606.15 1 0
eduhub/server/internal/services/analytics/analytics_service.go:606.15,608.3 1 0
eduhub/server/internal/services/analytics/analytics_service.go:610.2,610.15 1 0
eduhub/server/internal/services/analytics/utils.go:8.50,9.9 1 0
eduhub/server/internal/services/analytics/utils.go:10.24,11.13 1 0
eduhub/server/internal/services/analytics/utils.go:12.24,13.13 1 0
eduhub/server/internal/services/analytics/utils.go:14.24,15.13 1 0
eduhub/server/internal/services/analytics/utils.go:16.24,17.13 1 0
eduhub/server/internal/services/analytics/utils.go:18.24,19.13 1 0
eduhub/server/internal/services/analytics/utils.go:20.24,21.13 1 0
eduhub/server/internal/services/analytics/utils.go:22.24,23.13 1 0
eduhub/server/internal/services/analytics/utils.go:24.24,25.13 1 0
eduhub/server/internal/services/analytics/utils.go:26.24,27.13 1 0
eduhub/server/internal/services/analytics/utils.go:28.10,29.13 1 0
eduhub/server/internal/services/analytics/utils.go:34.53,37.2 2 0
eduhub/server/internal/services/announcement/announcement_service.go:23.101,27.2 1 0
eduhub/server/internal/services/announcement/announcement_service.go:29.112,30.30 1 0
eduhub/server/internal/services/announcement/announcement_service.go:30.30,32.3 1 0
eduhub/server/internal/services/announcement/announcement_service.go:33.2,33.32 1 0
eduhub/server/internal/services/announcement/announcement_service.go:33.32,35.3 1 0
eduhub/server/internal/services/announcement/announcement_service.go:36.2,36.65 1 0
eduhub/server/internal/services/announcement/announcement_service.go:39.129,41.2 1 0
eduhub/server/internal/services/announcement/announcement_service.go:43.135,45.2 1 0
eduhub/server/internal/services/announcement/announcement_service.go:47.147,49.2 1 0
eduhub/server/internal/services/announcement/announcement_service.go:51.108,53.2 1 0
eduhub/server/internal/services/assignment/assignment_service.go:53.118,58.2 1 0
eduhub/server/internal/services/assignment/assignment_service.go:60.104,61.28 1 0
eduhub/server/internal/services/assignment/assignment_service.go:61.28,63.3 1 0
eduhub/server/internal/services/assignment/assignment_service.go:64.2,64.59 1 0
eduhub/server/internal/services/assignment/assignment_service.go:64.59,66.3 1 0
eduhub/server/internal/services/assignment/assignment_service.go:67.2,67.49 1 0
eduhub/server/internal/services/assignment/assignment_service.go:69.121,70.41 1 0
eduhub/server/internal/services/assignment/assignment_service.go:70.41,72.3 1 0
eduhub/server/internal/services/assignment/assignment_service.go:73.2,73.63 1 0
eduhub/server/internal/services/assignment/assignment_service.go:77.128,79.2 1 0
eduhub/server/internal/services/assignment/assignment_service.go:81.130,85.2 1 0
eduhub/server/internal/services/assignment/assignment_service.go:87.139,88.41 1 0
eduhub/server/internal/services/assignment/assignment_service.go:88.41,90.3 1 0
eduhub/server/internal/services/assignment/assignment_service.go:91.2,91.60 1 0
eduhub/server/internal/services/assignment/assignment_service.go:94.102,96.2 1 0
eduhub/server/internal/services/assignment/assignment_service.go:98.114,99.63 1 0
eduhub/server/internal/services/assignment/assignment_service.go:99.63,101.3 1 0
eduhub/server/internal/services/assignment/assignment_service.go:102.2,103.49 2 0
eduhub/server/internal/services/assignment/assignment_service.go:106.131,108.16 2 0
eduhub/server/internal/services/assignment/assignment_service.go:108.16,110.3 1 0
eduhub/server/internal/services/assignment/assignment_service.go:112.2,112.18 1 0
eduhub/server/internal/services/assignment/assignment_service.go:112.18,114.3 1 0
eduhub/server/internal/services/assignment/assignment_service.go:115.2,115.21 1 0
eduhub/server/internal/services/assignment/assignment_service.go:115.21,117.3 1 0
eduhub/server/internal/services/assignment/assignment_service.go:119.2,119.49 1 0
eduhub/server/internal/services/assignment/assignment_service.go:122.153,123.41 1 0
eduhub/server/internal/services/assignment/assignment_service.go:123.41,125.3 1 0
eduhub/server/internal/services/assignment/assignment_service.go:126.2,126.81 1 0
eduhub/server/internal/services/assignment/assignment_service.go:129.111,130.20 1 0
eduhub/server/internal/services/assignment/assignment_service.go:130.20,132.3 1 0
eduhub/server/internal/services/assignment/assignment_service.go:133.2,133.64 1 0
eduhub/server/internal/services/assignment/assignment_service.go:137.120,139.47 2 0
eduhub/server/internal/services/assignment/assignment_service.go:139.47,140.112 1 0
eduhub/server/internal/services/assignment/assignment_service.go:140.112,142.4 1 0
eduhub/server/internal/services/assignment/assignment_service.go:144.2,144.19 1 0
eduhub/server/internal/services/assignment/assignment_service.go:144.19,146.3 1 0
eduhub/server/internal/services/assignment/assignment_service.go:147.2,147.12 1 0
eduhub/server/internal/services/assignment/assignment_service.go:151.146,153.2 1 0
eduhub/server/internal/services/assignment/assignment_service.go:156.126,157.58 1 0
eduhub/server/internal/services/assignment/assignment_service.go:157.58,159.3 1 0
[...]
eduhub/server/internal/services/quiz/question_wrapper_service.go:62.2,62.29 1 0
eduhub/server/internal/services/quiz/question_wrapper_service.go:62.29,64.3 1 0
eduhub/server/internal/services/quiz/question_wrapper_service.go:66.2,67.16 2 0
eduhub/server/internal/services/quiz/question_wrapper_service.go:67.16,69.3 1 0
eduhub/server/internal/services/quiz/question_wrapper_service.go:71.2,71.41 1 0
eduhub/server/internal/services/quiz/question_wrapper_service.go:71.41,72.90 1 0
eduhub/server/internal/services/quiz/question_wrapper_service.go:72.90,74.4 1 0
eduhub/server/internal/services/quiz/question_wrapper_service.go:77.2,77.42 1 0
eduhub/server/internal/services/quiz/question_wrapper_service.go:77.42,79.76 2 0
eduhub/server/internal/services/quiz/question_wrapper_service.go:79.76,81.4 1 0
eduhub/server/internal/services/quiz/question_wrapper_service.go:84.2,84.12 1 0
eduhub/server/internal/services/quiz/question_wrapper_service.go:87.102,89.2 1 0
eduhub/server/internal/services/quiz/question_wrapper_service.go:91.147,93.16 2 0
eduhub/server/internal/services/quiz/question_wrapper_service.go:93.16,95.3 1 0
eduhub/server/internal/services/quiz/question_wrapper_service.go:97.2,97.37 1 0
eduhub/server/internal/services/quiz/question_wrapper_service.go:97.37,99.23 2 0
eduhub/server/internal/services/quiz/question_wrapper_service.go:99.23,101.4 1 0
eduhub/server/internal/services/quiz/question_wrapper_service.go:102.3,102.29 1 0
eduhub/server/internal/services/quiz/question_wrapper_service.go:105.2,105.23 1 0
eduhub/server/internal/services/quiz/quiz_attempt_service.go:59.22,67.2 1 3
eduhub/server/internal/services/quiz/quiz_attempt_service.go:71.118,73.51 1 0
eduhub/server/internal/services/quiz/quiz_attempt_service.go:73.51,75.3 1 0
eduhub/server/internal/services/quiz/quiz_attempt_service.go:78.2,79.16 2 0
eduhub/server/internal/services/quiz/quiz_attempt_service.go:79.16,81.3 1 0
eduhub/server/internal/services/quiz/quiz_attempt_service.go:84.2,85.16 2 0
eduhub/server/internal/services/quiz/quiz_attempt_service.go:85.16,87.3 1 0
eduhub/server/internal/services/quiz/quiz_attempt_service.go:90.2,90.44 1 0
eduhub/server/internal/services/quiz/quiz_attempt_service.go:90.44,91.40 1 0
eduhub/server/internal/services/quiz/quiz_attempt_service.go:91.40,93.4 1 0
eduhub/server/internal/services/quiz/quiz_attempt_service.go:97.2,98.16 2 0
eduhub/server/internal/services/quiz/quiz_attempt_service.go:98.16,100.3 1 0
eduhub/server/internal/services/quiz/quiz_attempt_service.go:101.2,101.17 1 0
eduhub/server/internal/services/quiz/quiz_attempt_service.go:101.17,103.3 1 0
eduhub/server/internal/services/quiz/quiz_attempt_service.go:106.2,111.58 5 0
eduhub/server/internal/services/quiz/quiz_attempt_service.go:115.129,117.2 1 0
eduhub/server/internal/services/quiz/quiz_attempt_service.go:121.128,124.16 2 0
eduhub/server/internal/services/quiz/quiz_attempt_service.go:124.16,126.3 1 0
eduhub/server/internal/services/quiz/quiz_attempt_service.go:127.2,127.20 1 0
eduhub/server/internal/services/quiz/quiz_attempt_service.go:127.20,129.3 1 0
eduhub/server/internal/services/quiz/quiz_attempt_service.go:132.2,132.58 1 0
eduhub/server/internal/services/quiz/quiz_attempt_service.go:132.58,134.3 1 0
eduhub/server/internal/services/quiz/quiz_attempt_service.go:137.2,138.16 2 0
eduhub/server/internal/services/quiz/quiz_attempt_service.go:138.16,140.3 1 0
eduhub/server/internal/services/quiz/quiz_attempt_service.go:143.2,144.33 2 0
eduhub/server/internal/services/quiz/quiz_attempt_service.go:144.33,145.34 1 0
eduhub/server/internal/services/quiz/quiz_attempt_service.go:145.34,147.4 1 0
eduhub/server/internal/services/quiz/quiz_attempt_service.go:151.2,155.74 4 0
eduhub/server/internal/services/quiz/quiz_attempt_service.go:155.74,157.3 1 0
eduhub/server/internal/services/quiz/quiz_attempt_service.go:159.2,159.21 1 0
eduhub/server/internal/services/quiz/quiz_attempt_service.go:164.138,167.16 2 0
eduhub/server/internal/services/quiz/quiz_attempt_service.go:167.16,169.3 1 0
eduhub/server/internal/services/quiz/quiz_attempt_service.go:170.2,170.20 1 0
eduhub/server/internal/services/quiz/quiz_attempt_service.go:170.20,172.3 1 0
eduhub/server/internal/services/quiz/quiz_attempt_service.go:175.2,175.109 1 0
eduhub/server/internal/services/quiz/quiz_attempt_service.go:175.109,177.3 1 0
eduhub/server/internal/services/quiz/quiz_attempt_service.go:180.2,183.74 3 0
eduhub/server/internal/services/quiz/quiz_attempt_service.go:183.74,185.3 1 0
eduhub/server/internal/services/quiz/quiz_attempt_service.go:187.2,187.21 1 0
eduhub/server/internal/services/quiz/quiz_attempt_service.go:191.160,193.2 1 0
eduhub/server/internal/services/quiz/quiz_attempt_service.go:196.154,198.2 1 0
eduhub/server/internal/services/quiz/quiz_attempt_service.go:202.115,205.16 2 0
eduhub/server/internal/services/quiz/quiz_attempt_service.go:205.16,207.3 1 0
eduhub/server/internal/services/quiz/quiz_attempt_service.go:210.2,211.16 2 0
eduhub/server/internal/services/quiz/quiz_attempt_service.go:211.16,213.3 1 0
eduhub/server/internal/services/quiz/quiz_attempt_service.go:215.2,215.74 1 0
eduhub/server/internal/services/quiz/quiz_attempt_wrapper_service.go:29.28,38.2 1 0
eduhub/server/internal/services/quiz/quiz_attempt_wrapper_service.go:40.133,43.16 2 0
eduhub/server/internal/services/quiz/quiz_attempt_wrapper_service.go:43.16,45.3 1 0
eduhub/server/internal/services/quiz/quiz_attempt_wrapper_service.go:47.2,55.16 3 0
eduhub/server/internal/services/quiz/quiz_attempt_wrapper_service.go:55.16,57.3 1 0
eduhub/server/internal/services/quiz/quiz_attempt_wrapper_service.go:59.2,59.21 1 0
eduhub/server/internal/services/quiz/quiz_attempt_wrapper_service.go:62.169,65.16 2 0
eduhub/server/internal/services/quiz/quiz_attempt_wrapper_service.go:65.16,67.3 1 0
eduhub/server/internal/services/quiz/quiz_attempt_wrapper_service.go:69.2,69.36 1 0
eduhub/server/internal/services/quiz/quiz_attempt_wrapper_service.go:69.36,71.3 1 0
eduhub/server/internal/services/quiz/quiz_attempt_wrapper_service.go:74.2,74.25 1 0
eduhub/server/internal/services/quiz/quiz_attempt_wrapper_service.go:74.25,77.17 3 0
eduhub/server/internal/services/quiz/quiz_attempt_wrapper_service.go:77.17,79.4 1 0
eduhub/server/internal/services/quiz/quiz_attempt_wrapper_service.go:83.5,84.19 2 0
eduhub/server/internal/services/quiz/quiz_attempt_wrapper_service.go:84.19,90.6 4 0
eduhub/server/internal/services/quiz/quiz_attempt_wrapper_service.go:93.5,93.39 1 0
eduhub/server/internal/services/quiz/quiz_attempt_wrapper_service.go:93.39,96.6 2 0
eduhub/server/internal/services/quiz/quiz_attempt_wrapper_service.go:98.5,98.30 1 0
eduhub/server/internal/services/quiz/quiz_attempt_wrapper_service.go:101.123,103.16 2 0
eduhub/server/internal/services/quiz/quiz_attempt_wrapper_service.go:103.16,105.3 1 0
eduhub/server/internal/services/quiz/quiz_attempt_wrapper_service.go:107.2,108.16 2 0
eduhub/server/internal/services/quiz/quiz_attempt_wrapper_service.go:108.16,110.3 1 0
eduhub/server/internal/services/quiz/quiz_attempt_wrapper_service.go:112.2,113.16 2 0
eduhub/server/internal/services/quiz/quiz_attempt_wrapper_service.go:113.16,114.31 1 0
eduhub/server/internal/services/quiz/quiz_attempt_wrapper_service.go:114.31,116.21 2 0
eduhub/server/internal/services/quiz/quiz_attempt_wrapper_service.go:116.21,118.5 1 0
eduhub/server/internal/services/quiz/quiz_attempt_wrapper_service.go:120.3,120.37 1 0
eduhub/server/internal/services/quiz/quiz_attempt_wrapper_service.go:124.5,125.19 2 0
eduhub/server/internal/services/quiz/quiz_attempt_wrapper_service.go:125.19,127.6 1 0
eduhub/server/internal/services/quiz/quiz_attempt_wrapper_service.go:129.2,129.21 1 0
eduhub/server/internal/services/quiz/quiz_attempt_wrapper_service.go:132.133,134.2 1 0
eduhub/server/internal/services/quiz/quiz_attempt_wrapper_service.go:136.127,138.2 1 0
eduhub/server/internal/services/quiz/quiz_service.go:60.15,69.2 1 3
eduhub/server/internal/services/quiz/quiz_service.go:74.80,76.48 1 0
eduhub/server/internal/services/quiz/quiz_service.go:76.48,78.3 1 0
eduhub/server/internal/services/quiz/quiz_service.go:81.2,82.16 2 0
eduhub/server/internal/services/quiz/quiz_service.go:82.16,84.3 1 0
eduhub/server/internal/services/quiz/quiz_service.go:87.2,88.16 2 0
eduhub/server/internal/services/quiz/quiz_service.go:88.16,90.3 1 0
eduhub/server/internal/services/quiz/quiz_service.go:91.2,91.19 1 0
eduhub/server/internal/services/quiz/quiz_service.go:91.19,93.3 1 0
eduhub/server/internal/services/quiz/quiz_service.go:96.2,96.41 1 0
eduhub/server/internal/services/quiz/quiz_service.go:101.105,103.2 1 0
eduhub/server/internal/services/quiz/quiz_service.go:107.80,109.17 1 0
eduhub/server/internal/services/quiz/quiz_service.go:109.17,111.3 1 0
eduhub/server/internal/services/quiz/quiz_service.go:114.2,114.48 1 0
eduhub/server/internal/services/quiz/quiz_service.go:114.48,116.3 1 0
eduhub/server/internal/services/quiz/quiz_service.go:119.2,119.18 1 0
eduhub/server/internal/services/quiz/quiz_service.go:119.18,121.3 1 0
eduhub/server/internal/services/quiz/quiz_service.go:124.2,124.57 1 0
eduhub/server/internal/services/quiz/quiz_service.go:124.57,126.3 1 0
eduhub/server/internal/services/quiz/quiz_service.go:128.2,128.12 1 0
eduhub/server/internal/services/quiz/quiz_service.go:133.88,136.16 2 0
eduhub/server/internal/services/quiz/quiz_service.go:136.16,138.3 1 0
eduhub/server/internal/services/quiz/quiz_service.go:139.2,139.23 1 0
eduhub/server/internal/services/quiz/quiz_service.go:139.23,141.3 1 0
eduhub/server/internal/services/quiz/quiz_service.go:144.2,144.70 1 0
eduhub/server/internal/services/quiz/quiz_service.go:144.70,146.3 1 0
eduhub/server/internal/services/quiz/quiz_service.go:148.2,148.12 1 0
eduhub/server/internal/services/quiz/quiz_service.go:153.139,155.20 1 0
eduhub/server/internal/services/quiz/quiz_service.go:155.20,157.3 1 0
eduhub/server/internal/services/quiz/quiz_service.go:158.2,158.19 1 0
eduhub/server/internal/services/quiz/quiz_service.go:158.19,160.3 1 0
eduhub/server/internal/services/quiz/quiz_service.go:163.2,164.16 2 0
eduhub/server/internal/services/quiz/quiz_service.go:164.16,166.3 1 0
eduhub/server/internal/services/quiz/quiz_service.go:169.2,170.16 2 0
eduhub/server/internal/services/quiz/quiz_service.go:170.16,172.3 1 0
eduhub/server/internal/services/quiz/quiz_service.go:173.2,173.19 1 0
eduhub/server/internal/services/quiz/quiz_service.go:173.19,175.3 1 0
eduhub/server/internal/services/quiz/quiz_service.go:178.2,178.17 1 0
eduhub/server/internal/services/quiz/quiz_service.go:178.17,180.3 1 0
eduhub/server/internal/services/quiz/quiz_service.go:182.2,182.80 1 0
eduhub/server/internal/services/quiz/quiz_service.go:187.107,190.16 2 0
eduhub/server/internal/services/quiz/quiz_service.go:190.16,192.3 1 0
eduhub/server/internal/services/quiz/quiz_service.go:195.2,196.16 2 0
eduhub/server/internal/services/quiz/quiz_service.go:196.16,198.3 1 0
eduhub/server/internal/services/quiz/quiz_service.go:199.2,199.19 1 0
eduhub/server/internal/services/quiz/quiz_service.go:199.19,201.3 1 0
eduhub/server/internal/services/quiz/quiz_service.go:203.2,203.66 1 0
eduhub/server/internal/services/quiz/student_answer_service.go:51.24,59.2 1 3
eduhub/server/internal/services/quiz/student_answer_service.go:63.109,65.50 1 0
eduhub/server/internal/services/quiz/student_answer_service.go:65.50,67.3 1 0
eduhub/server/internal/services/quiz/student_answer_service.go:70.2,70.31 1 0
eduhub/server/internal/services/quiz/student_answer_service.go:70.31,72.3 1 0
eduhub/server/internal/services/quiz/student_answer_service.go:73.2,73.28 1 0
eduhub/server/internal/services/quiz/student_answer_service.go:73.28,75.3 1 0
eduhub/server/internal/services/quiz/student_answer_service.go:78.2,79.16 2 0
eduhub/server/internal/services/quiz/student_answer_service.go:79.16,81.3 1 0
eduhub/server/internal/services/quiz/student_answer_service.go:82.2,82.20 1 0
eduhub/server/internal/services/quiz/student_answer_service.go:82.20,84.3 1 0
eduhub/server/internal/services/quiz/student_answer_service.go:85.2,85.58 1 0
eduhub/server/internal/services/quiz/student_answer_service.go:85.58,87.3 1 0
eduhub/server/internal/services/quiz/student_answer_service.go:90.2,91.16 2 0
eduhub/server/internal/services/quiz/student_answer_service.go:91.16,93.3 1 0
eduhub/server/internal/services/quiz/student_answer_service.go:94.2,94.58 1 0
eduhub/server/internal/services/quiz/student_answer_service.go:94.58,96.3 1 0
eduhub/server/internal/services/quiz/student_answer_service.go:99.2,99.23 1 0
eduhub/server/internal/services/quiz/student_answer_service.go:100.47,101.75 1 0
eduhub/server/internal/services/quiz/student_answer_service.go:101.75,103.4 1 0
eduhub/server/internal/services/quiz/student_answer_service.go:104.3,104.30 1 0
eduhub/server/internal/services/quiz/student_answer_service.go:104.30,106.4 1 0
eduhub/server/internal/services/quiz/student_answer_service.go:107.26,108.30 1 0
eduhub/server/internal/services/quiz/student_answer_service.go:108.30,110.4 1 0
eduhub/server/internal/services/quiz/student_answer_service.go:111.3,111.74 1 0
eduhub/server/internal/services/quiz/student_answer_service.go:111.74,113.4 1 0
eduhub/server/internal/services/quiz/student_answer_service.go:116.2,116.61 1 0
eduhub/server/internal/services/quiz/student_answer_service.go:121.169,124.16 2 0
eduhub/server/internal/services/quiz/student_answer_service.go:124.16,126.3 1 0
eduhub/server/internal/services/quiz/student_answer_service.go:129.2,130.16 2 0
eduhub/server/internal/services/quiz/student_answer_service.go:130.16,132.3 1 0
eduhub/server/internal/services/quiz/student_answer_service.go:133.2,133.19 1 0
eduhub/server/internal/services/quiz/student_answer_service.go:133.19,135.3 1 0
eduhub/server/internal/services/quiz/student_answer_service.go:138.2,141.88 3 0
eduhub/server/internal/services/quiz/student_answer_service.go:141.88,143.3 1 0
eduhub/server/internal/services/quiz/student_answer_service.go:145.2,145.20 1 0
eduhub/server/internal/services/quiz/student_answer_service.go:150.166,153.16 2 0
eduhub/server/internal/services/quiz/student_answer_service.go:153.16,155.3 1 0
eduhub/server/internal/services/quiz/student_answer_service.go:157.2,157.98 1 0
eduhub/server/internal/services/quiz/student_answer_service.go:162.158,165.16 2 0
eduhub/server/internal/services/quiz/student_answer_service.go:165.16,167.3 1 0
eduhub/server/internal/services/quiz/student_answer_service.go:170.2,171.16 2 0
eduhub/server/internal/services/quiz/student_answer_service.go:171.16,173.3 1 0
eduhub/server/internal/services/quiz/student_answer_service.go:175.2,175.95 1 0
eduhub/server/internal/services/quiz/student_answer_service.go:179.134,181.2 1 0
eduhub/server/internal/services/sms/sms_service.go:57.46,58.26 1 3
eduhub/server/internal/services/sms/sms_service.go:58.26,60.3 1 3
eduhub/server/internal/services/sms/sms_service.go:62.2,67.3 1 3
eduhub/server/internal/services/sms/sms_service.go:70.49,71.23 1 3
eduhub/server/internal/services/sms/sms_service.go:71.23,73.3 1 2
eduhub/server/internal/services/sms/sms_service.go:75.2,76.50 2 1
eduhub/server/internal/services/sms/sms_service.go:76.50,78.3 1 1
eduhub/server/internal/services/sms/sms_service.go:79.2,79.49 1 1
eduhub/server/internal/services/sms/sms_service.go:79.49,81.3 1 1
eduhub/server/internal/services/sms/sms_service.go:82.2,82.55 1 1
eduhub/server/internal/services/sms/sms_service.go:82.55,84.3 1 1
eduhub/server/internal/services/sms/sms_service.go:85.2,85.22 1 1
eduhub/server/internal/services/sms/sms_service.go:85.22,87.3 1 1
eduhub/server/internal/services/sms/sms_service.go:89.2,89.12 1 0
eduhub/server/internal/services/sms/sms_service.go:93.40,103.2 2 0
eduhub/server/internal/services/sms/sms_service.go:106.92,107.43 1 2
eduhub/server/internal/services/sms/sms_service.go:107.43,109.3 1 2
eduhub/server/internal/services/sms/sms_service.go:111.2,119.16 7 0
eduhub/server/internal/services/sms/sms_service.go:119.16,121.3 1 0
eduhub/server/internal/services/sms/sms_service.go:123.2,127.16 4 0
eduhub/server/internal/services/sms/sms_service.go:127.16,129.3 1 0
eduhub/server/internal/services/sms/sms_service.go:130.2,133.16 3 0
eduhub/server/internal/services/sms/sms_service.go:133.16,135.3 1 0
eduhub/server/internal/services/sms/sms_service.go:137.2,137.43 1 0
eduhub/server/internal/services/sms/sms_service.go:137.43,139.3 1 0
eduhub/server/internal/services/sms/sms_service.go:141.2,142.54 2 0
eduhub/server/internal/services/sms/sms_service.go:142.54,144.3 1 0
eduhub/server/internal/services/sms/sms_service.go:146.2,146.28 1 0
eduhub/server/internal/services/sms/sms_service.go:146.28,148.3 1 0
eduhub/server/internal/services/sms/sms_service.go:150.2,150.12 1 0
eduhub/server/internal/services/sms/sms_service.go:154.119,155.43 1 1
eduhub/server/internal/services/sms/sms_service.go:155.43,157.3 1 1
eduhub/server/internal/services/sms/sms_service.go:159.2,162.37 3 0
eduhub/server/internal/services/sms/sms_service.go:162.37,163.56 1 0
eduhub/server/internal/services/sms/sms_service.go:163.56,165.4 1 0
eduhub/server/internal/services/sms/sms_service.go:165.9,167.4 1 0
eduhub/server/internal/services/sms/sms_service.go:170.2,170.32 1 0
eduhub/server/internal/services/sms/sms_service.go:174.134,184.13 3 0
eduhub/server/internal/services/sms/sms_service.go:184.13,186.3 1 0
eduhub/server/internal/services/sms/sms_service.go:188.2,189.36 2 0
eduhub/server/internal/services/sms/sms_service.go:189.36,192.3 2 0
eduhub/server/internal/services/sms/sms_service.go:194.2,194.47 1 0
eduhub/server/internal/services/sms/sms_service.go:198.136,204.2 1 0
eduhub/server/internal/services/sms/sms_service.go:207.136,213.2 1 0
eduhub/server/internal/services/sms/sms_service.go:216.136,222.2 1 0
eduhub/server/internal/services/sms/sms_service.go:225.132,231.2 1 0
eduhub/server/internal/services/sms/sms_service.go:234.99,235.43 1 0
eduhub/server/internal/services/sms/sms_service.go:235.43,237.3 1 0
eduhub/server/internal/services/sms/sms_service.go:238.2,238.27 1 0
eduhub/server/internal/services/sms/sms_service.go:238.27,240.3 1 0
eduhub/server/internal/services/sms/sms_service.go:241.2,241.18 1 0
eduhub/server/internal/services/sms/sms_service.go:245.95,246.43 1 0
eduhub/server/internal/services/sms/sms_service.go:246.43,248.3 1 0
eduhub/server/internal/services/sms/sms_service.go:250.2,253.16 3 0
eduhub/server/internal/services/sms/sms_service.go:253.16,255.3 1 0
eduhub/server/internal/services/sms/sms_service.go:257.2,260.16 3 0
eduhub/server/internal/services/sms/sms_service.go:260.16,262.3 1 0
eduhub/server/internal/services/sms/sms_service.go:263.2,266.16 3 0
eduhub/server/internal/services/sms/sms_service.go:266.16,268.3 1 0
eduhub/server/internal/services/sms/sms_service.go:270.2,270.38 1 0
eduhub/server/internal/services/sms/sms_service.go:270.38,272.3 1 0
eduhub/server/internal/services/sms/sms_service.go:274.2,275.54 2 0
eduhub/server/internal/services/sms/sms_service.go:275.54,277.3 1 0
eduhub/server/internal/services/sms/sms_service.go:279.2,279.27 1 0
eduhub/server/pkg/jwt/jwt.go:31.43,41.2 1 1
eduhub/server/pkg/jwt/jwt.go:59.88,60.25 1 5
eduhub/server/pkg/jwt/jwt.go:60.25,62.3 1 0
eduhub/server/pkg/jwt/jwt.go:63.2,66.8 1 5
eduhub/server/pkg/jwt/jwt.go:69.121,72.47 2 3
eduhub/server/pkg/jwt/jwt.go:72.47,74.3 1 0
eduhub/server/pkg/jwt/jwt.go:75.2,96.48 4 3
eduhub/server/pkg/jwt/jwt.go:99.69,103.39 1 4
eduhub/server/pkg/jwt/jwt.go:103.39,105.59 1 3
eduhub/server/pkg/jwt/jwt.go:105.59,107.5 1 0
eduhub/server/pkg/jwt/jwt.go:109.4,109.37 1 3
eduhub/server/pkg/jwt/jwt.go:109.37,111.5 1 0
eduhub/server/pkg/jwt/jwt.go:112.4,112.35 1 3
eduhub/server/pkg/jwt/jwt.go:116.2,116.16 1 4
eduhub/server/pkg/jwt/jwt.go:116.16,118.3 1 3
eduhub/server/pkg/jwt/jwt.go:120.2,121.9 2 1
eduhub/server/pkg/jwt/jwt.go:121.9,123.3 1 0
eduhub/server/pkg/jwt/jwt.go:125.2,125.68 1 1
eduhub/server/pkg/jwt/jwt.go:125.68,127.3 1 0
eduhub/server/pkg/jwt/jwt.go:129.2,129.34 1 1
