mode: atomic
eduhub/server/main.go:30.13,35.16 3 0
eduhub/server/main.go:35.16,37.3 1 0
eduhub/server/main.go:40.2,44.16 4 0
eduhub/server/main.go:44.16,46.3 1 0
eduhub/server/main.go:48.2,48.58 1 0
eduhub/server/api/app/app.go:26.17,28.16 2 0
eduhub/server/api/app/app.go:28.16,29.13 1 0
eduhub/server/api/app/app.go:31.2,31.41 1 0
eduhub/server/api/app/app.go:31.41,32.44 1 0
eduhub/server/api/app/app.go:35.2,47.3 4 0
eduhub/server/api/app/app.go:50.29,97.2 13 0
eduhub/server/docs/docs.go:99.13,101.2 1 0
eduhub/server/api/handler/announcement_handler.go:17.104,21.2 1 0
eduhub/server/api/handler/announcement_handler.go:24.71,26.16 2 0
eduhub/server/api/handler/announcement_handler.go:26.16,28.3 1 0
eduhub/server/api/handler/announcement_handler.go:30.2,42.23 7 0
eduhub/server/api/handler/announcement_handler.go:42.23,44.17 2 0
eduhub/server/api/handler/announcement_handler.go:44.17,46.4 1 0
eduhub/server/api/handler/announcement_handler.go:49.2,49.23 1 0
eduhub/server/api/handler/announcement_handler.go:49.23,51.3 1 0
eduhub/server/api/handler/announcement_handler.go:53.2,53.24 1 0
eduhub/server/api/handler/announcement_handler.go:53.24,56.3 2 0
eduhub/server/api/handler/announcement_handler.go:58.2,58.20 1 0
eduhub/server/api/handler/announcement_handler.go:58.20,60.17 2 0
eduhub/server/api/handler/announcement_handler.go:60.17,62.4 1 0
eduhub/server/api/handler/announcement_handler.go:65.2,65.21 1 0
eduhub/server/api/handler/announcement_handler.go:65.21,67.17 2 0
eduhub/server/api/handler/announcement_handler.go:67.17,69.4 1 0
eduhub/server/api/handler/announcement_handler.go:72.2,73.16 2 0
eduhub/server/api/handler/announcement_handler.go:73.16,75.3 1 0
eduhub/server/api/handler/announcement_handler.go:77.2,77.47 1 0
eduhub/server/api/handler/announcement_handler.go:81.72,83.16 2 0
eduhub/server/api/handler/announcement_handler.go:83.16,85.3 1 0
eduhub/server/api/handler/announcement_handler.go:87.2,88.46 2 0
eduhub/server/api/handler/announcement_handler.go:88.46,90.3 1 0
eduhub/server/api/handler/announcement_handler.go:92.2,95.16 3 0
eduhub/server/api/handler/announcement_handler.go:95.16,97.3 1 0
eduhub/server/api/handler/announcement_handler.go:99.2,99.46 1 0
eduhub/server/api/handler/announcement_handler.go:103.69,106.16 3 0
eduhub/server/api/handler/announcement_handler.go:106.16,108.3 1 0
eduhub/server/api/handler/announcement_handler.go:110.2,111.16 2 0
eduhub/server/api/handler/announcement_handler.go:111.16,113.3 1 0
eduhub/server/api/handler/announcement_handler.go:115.2,116.16 2 0
eduhub/server/api/handler/announcement_handler.go:116.16,118.3 1 0
eduhub/server/api/handler/announcement_handler.go:120.2,120.46 1 0
eduhub/server/api/handler/announcement_handler.go:124.72,127.16 3 0
eduhub/server/api/handler/announcement_handler.go:127.16,129.3 1 0
eduhub/server/api/handler/announcement_handler.go:131.2,132.16 2 0
eduhub/server/api/handler/announcement_handler.go:132.16,134.3 1 0
eduhub/server/api/handler/announcement_handler.go:136.2,137.37 2 0
eduhub/server/api/handler/announcement_handler.go:137.37,139.3 1 0
eduhub/server/api/handler/announcement_handler.go:141.2,142.16 2 0
eduhub/server/api/handler/announcement_handler.go:142.16,144.3 1 0
eduhub/server/api/handler/announcement_handler.go:146.2,146.69 1 0
eduhub/server/api/handler/announcement_handler.go:150.72,153.16 3 0
eduhub/server/api/handler/announcement_handler.go:153.16,155.3 1 0
eduhub/server/api/handler/announcement_handler.go:157.2,158.16 2 0
eduhub/server/api/handler/announcement_handler.go:158.16,160.3 1 0
eduhub/server/api/handler/announcement_handler.go:162.2,163.16 2 0
eduhub/server/api/handler/announcement_handler.go:163.16,165.3 1 0
eduhub/server/api/handler/announcement_handler.go:167.2,167.69 1 0
eduhub/server/api/handler/assignment_handler.go:17.94,21.2 1 0
eduhub/server/api/handler/assignment_handler.go:23.67,26.16 3 0
eduhub/server/api/handler/assignment_handler.go:26.16,28.3 1 0
eduhub/server/api/handler/assignment_handler.go:30.2,31.16 2 0
eduhub/server/api/handler/assignment_handler.go:31.16,33.3 1 0
eduhub/server/api/handler/assignment_handler.go:35.2,36.16 2 0
eduhub/server/api/handler/assignment_handler.go:36.16,38.3 1 0
eduhub/server/api/handler/assignment_handler.go:40.2,40.45 1 0
eduhub/server/api/handler/assignment_handler.go:43.68,46.16 3 0
eduhub/server/api/handler/assignment_handler.go:46.16,48.3 1 0
eduhub/server/api/handler/assignment_handler.go:50.2,51.16 2 0
eduhub/server/api/handler/assignment_handler.go:51.16,53.3 1 0
eduhub/server/api/handler/assignment_handler.go:55.2,56.44 2 0
eduhub/server/api/handler/assignment_handler.go:56.44,58.3 1 0
eduhub/server/api/handler/assignment_handler.go:60.2,64.16 4 0
eduhub/server/api/handler/assignment_handler.go:64.16,66.3 1 0
eduhub/server/api/handler/assignment_handler.go:68.2,68.44 1 0
eduhub/server/api/handler/assignment_handler.go:71.65,74.16 3 0
eduhub/server/api/handler/assignment_handler.go:74.16,76.3 1 0
eduhub/server/api/handler/assignment_handler.go:78.2,79.16 2 0
eduhub/server/api/handler/assignment_handler.go:79.16,81.3 1 0
eduhub/server/api/handler/assignment_handler.go:83.2,84.16 2 0
eduhub/server/api/handler/assignment_handler.go:84.16,86.3 1 0
eduhub/server/api/handler/assignment_handler.go:88.2,88.44 1 0
eduhub/server/api/handler/assignment_handler.go:91.68,94.16 3 0
eduhub/server/api/handler/assignment_handler.go:94.16,96.3 1 0
eduhub/server/api/handler/assignment_handler.go:98.2,99.16 2 0
eduhub/server/api/handler/assignment_handler.go:99.16,101.3 1 0
eduhub/server/api/handler/assignment_handler.go:103.2,104.37 2 0
eduhub/server/api/handler/assignment_handler.go:104.37,106.3 1 0
eduhub/server/api/handler/assignment_handler.go:108.2,109.16 2 0
eduhub/server/api/handler/assignment_handler.go:109.16,111.3 1 0
eduhub/server/api/handler/assignment_handler.go:113.2,113.67 1 0
eduhub/server/api/handler/assignment_handler.go:116.68,119.16 3 0
eduhub/server/api/handler/assignment_handler.go:119.16,121.3 1 0
eduhub/server/api/handler/assignment_handler.go:123.2,124.16 2 0
eduhub/server/api/handler/assignment_handler.go:124.16,126.3 1 0
eduhub/server/api/handler/assignment_handler.go:128.2,129.16 2 0
eduhub/server/api/handler/assignment_handler.go:129.16,131.3 1 0
eduhub/server/api/handler/assignment_handler.go:133.2,133.67 1 0
eduhub/server/api/handler/assignment_handler.go:136.68,139.16 3 0
eduhub/server/api/handler/assignment_handler.go:139.16,141.3 1 0
eduhub/server/api/handler/assignment_handler.go:143.2,144.16 2 0
eduhub/server/api/handler/assignment_handler.go:144.16,146.3 1 0
eduhub/server/api/handler/assignment_handler.go:148.2,149.44 2 0
eduhub/server/api/handler/assignment_handler.go:149.44,151.3 1 0
eduhub/server/api/handler/assignment_handler.go:153.2,157.16 4 0
eduhub/server/api/handler/assignment_handler.go:157.16,159.3 1 0
eduhub/server/api/handler/assignment_handler.go:161.2,161.44 1 0
eduhub/server/api/handler/assignment_handler.go:164.67,167.16 3 0
eduhub/server/api/handler/assignment_handler.go:167.16,169.3 1 0
eduhub/server/api/handler/assignment_handler.go:171.2,172.16 2 0
eduhub/server/api/handler/assignment_handler.go:172.16,174.3 1 0
eduhub/server/api/handler/assignment_handler.go:176.2,180.37 2 0
eduhub/server/api/handler/assignment_handler.go:180.37,182.3 1 0
eduhub/server/api/handler/assignment_handler.go:184.2,185.16 2 0
eduhub/server/api/handler/assignment_handler.go:185.16,187.3 1 0
eduhub/server/api/handler/assignment_handler.go:189.2,189.66 1 0
eduhub/server/api/handler/attendance_handler.go:28.87,32.2 1 0
eduhub/server/api/handler/attendance_handler.go:34.66,38.16 3 0
eduhub/server/api/handler/attendance_handler.go:38.16,40.3 1 0
eduhub/server/api/handler/attendance_handler.go:42.2,43.16 2 0
eduhub/server/api/handler/attendance_handler.go:43.16,45.3 1 0
eduhub/server/api/handler/attendance_handler.go:46.2,47.16 2 0
eduhub/server/api/handler/attendance_handler.go:47.16,49.3 1 0
eduhub/server/api/handler/attendance_handler.go:50.2,51.16 2 0
eduhub/server/api/handler/attendance_handler.go:51.16,53.3 1 0
eduhub/server/api/handler/attendance_handler.go:54.2,54.40 1 0
eduhub/server/api/handler/attendance_handler.go:57.69,60.16 3 0
eduhub/server/api/handler/attendance_handler.go:60.16,62.3 1 0
eduhub/server/api/handler/attendance_handler.go:63.2,64.16 2 0
eduhub/server/api/handler/attendance_handler.go:64.16,66.3 1 0
eduhub/server/api/handler/attendance_handler.go:67.2,68.44 2 0
eduhub/server/api/handler/attendance_handler.go:68.44,70.3 1 0
eduhub/server/api/handler/attendance_handler.go:71.2,72.12 2 0
eduhub/server/api/handler/attendance_handler.go:75.66,79.16 3 0
eduhub/server/api/handler/attendance_handler.go:79.16,81.3 1 0
eduhub/server/api/handler/attendance_handler.go:83.2,84.16 2 0
eduhub/server/api/handler/attendance_handler.go:84.16,86.3 1 0
eduhub/server/api/handler/attendance_handler.go:88.2,89.16 2 0
eduhub/server/api/handler/attendance_handler.go:89.16,91.3 1 0
eduhub/server/api/handler/attendance_handler.go:92.2,93.16 2 0
eduhub/server/api/handler/attendance_handler.go:93.16,95.3 1 0
eduhub/server/api/handler/attendance_handler.go:97.2,98.16 2 0
eduhub/server/api/handler/attendance_handler.go:98.16,100.3 1 0
eduhub/server/api/handler/attendance_handler.go:102.2,102.9 1 0
eduhub/server/api/handler/attendance_handler.go:102.9,104.3 1 0
eduhub/server/api/handler/attendance_handler.go:106.2,106.63 1 0
eduhub/server/api/handler/attendance_handler.go:109.73,113.16 3 0
eduhub/server/api/handler/attendance_handler.go:113.16,115.3 1 0
eduhub/server/api/handler/attendance_handler.go:117.2,118.16 2 0
eduhub/server/api/handler/attendance_handler.go:118.16,120.3 1 0
eduhub/server/api/handler/attendance_handler.go:122.2,123.16 2 0
eduhub/server/api/handler/attendance_handler.go:123.16,125.3 1 0
eduhub/server/api/handler/attendance_handler.go:126.2,126.54 1 0
eduhub/server/api/handler/attendance_handler.go:130.75,134.16 3 0
eduhub/server/api/handler/attendance_handler.go:134.16,136.3 1 0
eduhub/server/api/handler/attendance_handler.go:137.2,138.16 2 0
eduhub/server/api/handler/attendance_handler.go:138.16,140.3 1 0
eduhub/server/api/handler/attendance_handler.go:142.2,143.16 2 0
eduhub/server/api/handler/attendance_handler.go:143.16,145.3 1 0
eduhub/server/api/handler/attendance_handler.go:146.2,146.54 1 0
eduhub/server/api/handler/attendance_handler.go:149.83,153.16 3 0
eduhub/server/api/handler/attendance_handler.go:153.16,155.3 1 0
eduhub/server/api/handler/attendance_handler.go:156.2,157.16 2 0
eduhub/server/api/handler/attendance_handler.go:157.16,159.3 1 0
eduhub/server/api/handler/attendance_handler.go:161.2,162.16 2 0
eduhub/server/api/handler/attendance_handler.go:162.16,164.3 1 0
eduhub/server/api/handler/attendance_handler.go:166.2,167.16 2 0
eduhub/server/api/handler/attendance_handler.go:167.16,169.3 1 0
eduhub/server/api/handler/attendance_handler.go:170.2,170.44 1 0
eduhub/server/api/handler/attendance_handler.go:173.68,176.16 3 0
eduhub/server/api/handler/attendance_handler.go:176.16,178.3 1 0
eduhub/server/api/handler/attendance_handler.go:179.2,180.16 2 0
eduhub/server/api/handler/attendance_handler.go:180.16,182.3 1 0
eduhub/server/api/handler/attendance_handler.go:183.2,184.16 2 0
eduhub/server/api/handler/attendance_handler.go:184.16,186.3 1 0
eduhub/server/api/handler/attendance_handler.go:187.2,188.16 2 0
eduhub/server/api/handler/attendance_handler.go:188.16,190.3 1 0
eduhub/server/api/handler/attendance_handler.go:192.2,193.9 2 0
eduhub/server/api/handler/attendance_handler.go:193.9,195.3 1 0
eduhub/server/api/handler/attendance_handler.go:196.2,196.16 1 0
eduhub/server/api/handler/attendance_handler.go:196.16,198.3 1 0
eduhub/server/api/handler/attendance_handler.go:200.2,200.43 1 0
eduhub/server/api/handler/attendance_handler.go:203.68,206.16 3 0
eduhub/server/api/handler/attendance_handler.go:206.16,208.3 1 0
eduhub/server/api/handler/attendance_handler.go:209.2,210.16 2 0
eduhub/server/api/handler/attendance_handler.go:210.16,212.3 1 0
eduhub/server/api/handler/attendance_handler.go:213.2,214.9 2 0
eduhub/server/api/handler/attendance_handler.go:214.9,216.3 1 0
eduhub/server/api/handler/attendance_handler.go:217.2,217.54 1 0
eduhub/server/api/handler/attendance_handler.go:220.70,224.16 3 0
eduhub/server/api/handler/attendance_handler.go:224.16,226.3 1 0
eduhub/server/api/handler/attendance_handler.go:228.2,229.16 2 0
eduhub/server/api/handler/attendance_handler.go:229.16,231.3 1 0
eduhub/server/api/handler/attendance_handler.go:232.2,233.16 2 0
eduhub/server/api/handler/attendance_handler.go:233.16,235.3 1 0
eduhub/server/api/handler/attendance_handler.go:237.2,238.37 2 0
eduhub/server/api/handler/attendance_handler.go:238.37,240.3 1 0
eduhub/server/api/handler/attendance_handler.go:247.2,248.16 2 0
eduhub/server/api/handler/attendance_handler.go:248.16,251.3 1 0
eduhub/server/api/handler/attendance_handler.go:253.2,253.81 1 0
eduhub/server/api/handler/auth.go:17.64,21.2 1 0
eduhub/server/api/handler/auth.go:24.66,26.16 2 0
eduhub/server/api/handler/auth.go:26.16,30.3 1 0
eduhub/server/api/handler/auth.go:31.2,31.36 1 0
eduhub/server/api/handler/auth.go:35.64,37.18 2 0
eduhub/server/api/handler/auth.go:37.18,39.3 1 0
eduhub/server/api/handler/auth.go:41.2,42.37 2 0
eduhub/server/api/handler/auth.go:42.37,44.3 1 0
eduhub/server/api/handler/auth.go:46.2,47.16 2 0
eduhub/server/api/handler/auth.go:47.16,49.3 1 0
eduhub/server/api/handler/auth.go:51.2,51.52 1 0
eduhub/server/api/handler/auth.go:55.57,59.2 2 0
eduhub/server/api/handler/auth.go:62.60,65.24 2 0
eduhub/server/api/handler/auth.go:65.24,67.3 1 0
eduhub/server/api/handler/auth.go:69.2,70.9 2 0
eduhub/server/api/handler/auth.go:70.9,72.3 1 0
eduhub/server/api/handler/auth.go:74.2,74.52 1 0
eduhub/server/api/handler/auth.go:79.58,83.2 1 0
eduhub/server/api/handler/auth.go:87.58,90.2 1 0
eduhub/server/api/handler/auth.go:94.66,99.37 2 0
eduhub/server/api/handler/auth.go:99.37,101.3 1 0
eduhub/server/api/handler/auth.go:104.2,104.100 1 0
eduhub/server/api/handler/auth.go:109.57,113.33 3 0
eduhub/server/api/handler/auth.go:113.33,115.3 1 0
eduhub/server/api/handler/auth.go:118.2,118.96 1 0
eduhub/server/api/handler/calendar_handler.go:17.84,21.2 1 0
eduhub/server/api/handler/calendar_handler.go:23.59,25.16 2 0
eduhub/server/api/handler/calendar_handler.go:25.16,27.3 1 0
eduhub/server/api/handler/calendar_handler.go:29.2,35.59 2 0
eduhub/server/api/handler/calendar_handler.go:35.59,36.76 1 0
eduhub/server/api/handler/calendar_handler.go:36.76,38.4 1 0
eduhub/server/api/handler/calendar_handler.go:40.2,40.62 1 0
eduhub/server/api/handler/calendar_handler.go:40.62,41.78 1 0
eduhub/server/api/handler/calendar_handler.go:41.78,43.4 1 0
eduhub/server/api/handler/calendar_handler.go:46.2,47.16 2 0
eduhub/server/api/handler/calendar_handler.go:47.16,49.3 1 0
eduhub/server/api/handler/calendar_handler.go:51.2,51.40 1 0
eduhub/server/api/handler/calendar_handler.go:54.61,56.16 2 0
eduhub/server/api/handler/calendar_handler.go:56.16,58.3 1 0
eduhub/server/api/handler/calendar_handler.go:60.2,61.39 2 0
eduhub/server/api/handler/calendar_handler.go:61.39,63.3 1 0
eduhub/server/api/handler/calendar_handler.go:65.2,68.16 3 0
eduhub/server/api/handler/calendar_handler.go:68.16,70.3 1 0
eduhub/server/api/handler/calendar_handler.go:72.2,72.39 1 0
eduhub/server/api/handler/calendar_handler.go:75.61,78.16 3 0
eduhub/server/api/handler/calendar_handler.go:78.16,80.3 1 0
eduhub/server/api/handler/calendar_handler.go:82.2,83.16 2 0
eduhub/server/api/handler/calendar_handler.go:83.16,85.3 1 0
eduhub/server/api/handler/calendar_handler.go:87.2,88.37 2 0
eduhub/server/api/handler/calendar_handler.go:88.37,90.3 1 0
eduhub/server/api/handler/calendar_handler.go:92.2,93.16 2 0
eduhub/server/api/handler/calendar_handler.go:93.16,95.3 1 0
eduhub/server/api/handler/calendar_handler.go:97.2,97.62 1 0
eduhub/server/api/handler/calendar_handler.go:100.61,103.16 3 0
eduhub/server/api/handler/calendar_handler.go:103.16,105.3 1 0
eduhub/server/api/handler/calendar_handler.go:107.2,108.16 2 0
eduhub/server/api/handler/calendar_handler.go:108.16,110.3 1 0
eduhub/server/api/handler/calendar_handler.go:112.2,113.16 2 0
eduhub/server/api/handler/calendar_handler.go:113.16,115.3 1 0
eduhub/server/api/handler/calendar_handler.go:117.2,117.62 1 0
eduhub/server/api/handler/college_handler.go:15.79,19.2 1 0
eduhub/server/api/handler/college_handler.go:21.69,23.16 2 0
eduhub/server/api/handler/college_handler.go:23.16,25.3 1 0
eduhub/server/api/handler/college_handler.go:27.2,28.37 2 0
eduhub/server/api/handler/college_handler.go:28.37,30.3 1 0
eduhub/server/api/handler/college_handler.go:32.2,33.16 2 0
eduhub/server/api/handler/college_handler.go:33.16,35.3 1 0
eduhub/server/api/handler/college_handler.go:37.2,37.43 1 0
eduhub/server/api/handler/college_handler.go:40.66,42.16 2 0
eduhub/server/api/handler/college_handler.go:42.16,44.3 1 0
eduhub/server/api/handler/college_handler.go:46.2,47.16 2 0
eduhub/server/api/handler/college_handler.go:47.16,49.3 1 0
eduhub/server/api/handler/college_handler.go:51.2,51.48 1 0
eduhub/server/api/handler/college_handler.go:54.64,56.16 2 0
eduhub/server/api/handler/college_handler.go:56.16,58.3 1 0
eduhub/server/api/handler/college_handler.go:62.2,65.9 1 0
eduhub/server/api/handler/course_handler.go:17.74,21.2 1 0
eduhub/server/api/handler/course_handler.go:23.60,27.16 3 0
eduhub/server/api/handler/course_handler.go:27.16,29.3 1 0
eduhub/server/api/handler/course_handler.go:31.2,32.16 2 0
eduhub/server/api/handler/course_handler.go:32.16,34.3 1 0
eduhub/server/api/handler/course_handler.go:37.2,38.37 2 0
eduhub/server/api/handler/course_handler.go:38.37,40.3 1 0
eduhub/server/api/handler/course_handler.go:43.2,44.16 2 0
eduhub/server/api/handler/course_handler.go:44.16,46.3 1 0
eduhub/server/api/handler/course_handler.go:48.2,48.43 1 0
eduhub/server/api/handler/course_handler.go:51.59,53.16 2 0
eduhub/server/api/handler/course_handler.go:53.16,55.3 1 0
eduhub/server/api/handler/course_handler.go:58.2,61.59 3 0
eduhub/server/api/handler/course_handler.go:61.59,62.76 1 0
eduhub/server/api/handler/course_handler.go:62.76,64.4 1 0
eduhub/server/api/handler/course_handler.go:67.2,67.62 1 0
eduhub/server/api/handler/course_handler.go:67.62,68.78 1 0
eduhub/server/api/handler/course_handler.go:68.78,70.4 1 0
eduhub/server/api/handler/course_handler.go:73.2,74.16 2 0
eduhub/server/api/handler/course_handler.go:74.16,76.3 1 0
eduhub/server/api/handler/course_handler.go:78.2,78.41 1 0
eduhub/server/api/handler/course_handler.go:81.57,84.16 3 0
eduhub/server/api/handler/course_handler.go:84.16,86.3 1 0
eduhub/server/api/handler/course_handler.go:88.2,89.16 2 0
eduhub/server/api/handler/course_handler.go:89.16,91.3 1 0
eduhub/server/api/handler/course_handler.go:93.2,94.16 2 0
eduhub/server/api/handler/course_handler.go:94.16,96.3 1 0
eduhub/server/api/handler/course_handler.go:98.2,98.40 1 0
eduhub/server/api/handler/course_handler.go:101.60,103.16 2 0
eduhub/server/api/handler/course_handler.go:103.16,105.3 1 0
eduhub/server/api/handler/course_handler.go:107.2,108.40 2 0
eduhub/server/api/handler/course_handler.go:108.40,110.3 1 0
eduhub/server/api/handler/course_handler.go:112.2,115.16 3 0
eduhub/server/api/handler/course_handler.go:115.16,117.3 1 0
eduhub/server/api/handler/course_handler.go:119.2,119.40 1 0
eduhub/server/api/handler/course_handler.go:122.60,125.16 3 0
eduhub/server/api/handler/course_handler.go:125.16,127.3 1 0
eduhub/server/api/handler/course_handler.go:129.2,130.16 2 0
eduhub/server/api/handler/course_handler.go:130.16,132.3 1 0
eduhub/server/api/handler/course_handler.go:134.2,135.16 2 0
eduhub/server/api/handler/course_handler.go:135.16,137.3 1 0
eduhub/server/api/handler/course_handler.go:139.2,139.63 1 0
eduhub/server/api/handler/course_handler.go:142.62,144.2 1 0
eduhub/server/api/handler/course_handler.go:146.61,148.2 1 0
eduhub/server/api/handler/course_handler.go:150.68,152.2 1 0
eduhub/server/api/handler/department_handler.go:17.94,21.2 1 0
eduhub/server/api/handler/department_handler.go:23.66,25.16 2 0
eduhub/server/api/handler/department_handler.go:25.16,27.3 1 0
eduhub/server/api/handler/department_handler.go:29.2,32.59 3 0
eduhub/server/api/handler/department_handler.go:32.59,33.76 1 0
eduhub/server/api/handler/department_handler.go:33.76,35.4 1 0
eduhub/server/api/handler/department_handler.go:37.2,37.62 1 0
eduhub/server/api/handler/department_handler.go:37.62,38.78 1 0
eduhub/server/api/handler/department_handler.go:38.78,40.4 1 0
eduhub/server/api/handler/department_handler.go:43.2,44.16 2 0
eduhub/server/api/handler/department_handler.go:44.16,46.3 1 0
eduhub/server/api/handler/department_handler.go:48.2,48.45 1 0
eduhub/server/api/handler/department_handler.go:51.68,53.16 2 0
eduhub/server/api/handler/department_handler.go:53.16,55.3 1 0
eduhub/server/api/handler/department_handler.go:57.2,58.44 2 0
eduhub/server/api/handler/department_handler.go:58.44,60.3 1 0
eduhub/server/api/handler/department_handler.go:62.2,65.16 3 0
eduhub/server/api/handler/department_handler.go:65.16,67.3 1 0
eduhub/server/api/handler/department_handler.go:69.2,69.44 1 0
eduhub/server/api/handler/department_handler.go:72.65,75.16 3 0
eduhub/server/api/handler/department_handler.go:75.16,77.3 1 0
eduhub/server/api/handler/department_handler.go:79.2,80.16 2 0
eduhub/server/api/handler/department_handler.go:80.16,82.3 1 0
eduhub/server/api/handler/department_handler.go:84.2,85.16 2 0
eduhub/server/api/handler/department_handler.go:85.16,87.3 1 0
eduhub/server/api/handler/department_handler.go:89.2,89.44 1 0
eduhub/server/api/handler/department_handler.go:92.68,95.16 3 0
eduhub/server/api/handler/department_handler.go:95.16,97.3 1 0
eduhub/server/api/handler/department_handler.go:99.2,100.16 2 0
eduhub/server/api/handler/department_handler.go:100.16,102.3 1 0
eduhub/server/api/handler/department_handler.go:104.2,105.37 2 0
eduhub/server/api/handler/department_handler.go:105.37,107.3 1 0
eduhub/server/api/handler/department_handler.go:109.2,110.16 2 0
eduhub/server/api/handler/department_handler.go:110.16,112.3 1 0
eduhub/server/api/handler/department_handler.go:114.2,114.67 1 0
eduhub/server/api/handler/department_handler.go:117.68,120.16 3 0
eduhub/server/api/handler/department_handler.go:120.16,122.3 1 0
eduhub/server/api/handler/department_handler.go:124.2,125.16 2 0
eduhub/server/api/handler/department_handler.go:125.16,127.3 1 0
eduhub/server/api/handler/department_handler.go:129.2,130.16 2 0
eduhub/server/api/handler/department_handler.go:130.16,132.3 1 0
eduhub/server/api/handler/department_handler.go:134.2,134.67 1 0
eduhub/server/api/handler/grade_handler.go:17.71,21.2 1 0
eduhub/server/api/handler/grade_handler.go:23.64,26.16 3 0
eduhub/server/api/handler/grade_handler.go:26.16,28.3 1 0
eduhub/server/api/handler/grade_handler.go:30.2,31.16 2 0
eduhub/server/api/handler/grade_handler.go:31.16,33.3 1 0
eduhub/server/api/handler/grade_handler.go:35.2,36.16 2 0
eduhub/server/api/handler/grade_handler.go:36.16,38.3 1 0
eduhub/server/api/handler/grade_handler.go:40.2,40.40 1 0
eduhub/server/api/handler/grade_handler.go:43.63,46.16 3 0
eduhub/server/api/handler/grade_handler.go:46.16,48.3 1 0
eduhub/server/api/handler/grade_handler.go:50.2,51.16 2 0
eduhub/server/api/handler/grade_handler.go:51.16,53.3 1 0
eduhub/server/api/handler/grade_handler.go:55.2,56.39 2 0
eduhub/server/api/handler/grade_handler.go:56.39,58.3 1 0
eduhub/server/api/handler/grade_handler.go:60.2,64.16 4 0
eduhub/server/api/handler/grade_handler.go:64.16,66.3 1 0
eduhub/server/api/handler/grade_handler.go:68.2,68.39 1 0
eduhub/server/api/handler/grade_handler.go:71.63,74.16 3 0
eduhub/server/api/handler/grade_handler.go:74.16,76.3 1 0
eduhub/server/api/handler/grade_handler.go:78.2,79.16 2 0
eduhub/server/api/handler/grade_handler.go:79.16,81.3 1 0
eduhub/server/api/handler/grade_handler.go:83.2,84.37 2 0
eduhub/server/api/handler/grade_handler.go:84.37,86.3 1 0
eduhub/server/api/handler/grade_handler.go:88.2,89.16 2 0
eduhub/server/api/handler/grade_handler.go:89.16,91.3 1 0
eduhub/server/api/handler/grade_handler.go:93.2,93.67 1 0
eduhub/server/api/handler/grade_handler.go:96.63,99.16 3 0
eduhub/server/api/handler/grade_handler.go:99.16,101.3 1 0
eduhub/server/api/handler/grade_handler.go:103.2,104.16 2 0
eduhub/server/api/handler/grade_handler.go:104.16,106.3 1 0
eduhub/server/api/handler/grade_handler.go:108.2,109.16 2 0
eduhub/server/api/handler/grade_handler.go:109.16,111.3 1 0
eduhub/server/api/handler/grade_handler.go:113.2,113.67 1 0
eduhub/server/api/handler/grade_handler.go:116.59,119.16 3 0
eduhub/server/api/handler/grade_handler.go:119.16,121.3 1 0
eduhub/server/api/handler/grade_handler.go:123.2,124.16 2 0
eduhub/server/api/handler/grade_handler.go:124.16,126.3 1 0
eduhub/server/api/handler/grade_handler.go:128.2,129.39 2 0
eduhub/server/api/handler/grade_handler.go:129.39,131.3 1 0
eduhub/server/api/handler/grade_handler.go:133.2,137.16 4 0
eduhub/server/api/handler/grade_handler.go:137.16,139.3 1 0
eduhub/server/api/handler/grade_handler.go:141.2,141.39 1 0
eduhub/server/api/handler/grade_handler.go:144.63,147.16 3 0
eduhub/server/api/handler/grade_handler.go:147.16,149.3 1 0
eduhub/server/api/handler/grade_handler.go:151.2,152.16 2 0
eduhub/server/api/handler/grade_handler.go:152.16,154.3 1 0
eduhub/server/api/handler/grade_handler.go:156.2,157.16 2 0
eduhub/server/api/handler/grade_handler.go:157.16,159.3 1 0
eduhub/server/api/handler/grade_handler.go:161.2,161.40 1 0
eduhub/server/api/handler/handlers.go:25.57,43.2 1 0
eduhub/server/api/handler/lecture_handler.go:17.79,21.2 1 0
eduhub/server/api/handler/lecture_handler.go:23.62,26.16 3 0
eduhub/server/api/handler/lecture_handler.go:26.16,28.3 1 0
eduhub/server/api/handler/lecture_handler.go:30.2,31.16 2 0
eduhub/server/api/handler/lecture_handler.go:31.16,33.3 1 0
eduhub/server/api/handler/lecture_handler.go:35.2,36.37 2 0
eduhub/server/api/handler/lecture_handler.go:36.37,38.3 1 0
eduhub/server/api/handler/lecture_handler.go:40.2,41.16 2 0
eduhub/server/api/handler/lecture_handler.go:41.16,43.3 1 0
eduhub/server/api/handler/lecture_handler.go:45.2,45.43 1 0
eduhub/server/api/handler/lecture_handler.go:48.61,51.16 3 0
eduhub/server/api/handler/lecture_handler.go:51.16,53.3 1 0
eduhub/server/api/handler/lecture_handler.go:55.2,56.16 2 0
eduhub/server/api/handler/lecture_handler.go:56.16,58.3 1 0
eduhub/server/api/handler/lecture_handler.go:61.2,64.59 3 0
eduhub/server/api/handler/lecture_handler.go:64.59,65.76 1 0
eduhub/server/api/handler/lecture_handler.go:65.76,67.4 1 0
eduhub/server/api/handler/lecture_handler.go:70.2,70.62 1 0
eduhub/server/api/handler/lecture_handler.go:70.62,71.78 1 0
eduhub/server/api/handler/lecture_handler.go:71.78,73.4 1 0
eduhub/server/api/handler/lecture_handler.go:76.2,77.16 2 0
eduhub/server/api/handler/lecture_handler.go:77.16,79.3 1 0
eduhub/server/api/handler/lecture_handler.go:81.2,81.42 1 0
eduhub/server/api/handler/lecture_handler.go:84.59,87.16 3 0
eduhub/server/api/handler/lecture_handler.go:87.16,89.3 1 0
eduhub/server/api/handler/lecture_handler.go:91.2,92.16 2 0
eduhub/server/api/handler/lecture_handler.go:92.16,94.3 1 0
eduhub/server/api/handler/lecture_handler.go:96.2,97.16 2 0
eduhub/server/api/handler/lecture_handler.go:97.16,99.3 1 0
eduhub/server/api/handler/lecture_handler.go:101.2,101.41 1 0
eduhub/server/api/handler/lecture_handler.go:104.62,107.16 3 0
eduhub/server/api/handler/lecture_handler.go:107.16,109.3 1 0
eduhub/server/api/handler/lecture_handler.go:111.2,112.16 2 0
eduhub/server/api/handler/lecture_handler.go:112.16,114.3 1 0
eduhub/server/api/handler/lecture_handler.go:116.2,117.37 2 0
eduhub/server/api/handler/lecture_handler.go:117.37,119.3 1 0
eduhub/server/api/handler/lecture_handler.go:121.2,132.16 3 0
eduhub/server/api/handler/lecture_handler.go:132.16,134.3 1 0
eduhub/server/api/handler/lecture_handler.go:136.2,136.41 1 0
eduhub/server/api/handler/lecture_handler.go:139.62,141.2 1 0
eduhub/server/api/handler/profile_handler.go:17.79,21.2 1 0
eduhub/server/api/handler/profile_handler.go:24.63,26.16 2 0
eduhub/server/api/handler/profile_handler.go:26.16,28.3 1 0
eduhub/server/api/handler/profile_handler.go:30.2,31.16 2 0
eduhub/server/api/handler/profile_handler.go:31.16,33.3 1 0
eduhub/server/api/handler/profile_handler.go:35.2,35.45 1 0
eduhub/server/api/handler/profile_handler.go:39.66,41.16 2 0
eduhub/server/api/handler/profile_handler.go:41.16,43.3 1 0
eduhub/server/api/handler/profile_handler.go:45.2,46.37 2 0
eduhub/server/api/handler/profile_handler.go:46.37,48.3 1 0
eduhub/server/api/handler/profile_handler.go:50.2,51.16 2 0
eduhub/server/api/handler/profile_handler.go:51.16,53.3 1 0
eduhub/server/api/handler/profile_handler.go:55.2,55.64 1 0
eduhub/server/api/handler/profile_handler.go:59.59,62.16 3 0
eduhub/server/api/handler/profile_handler.go:62.16,64.3 1 0
eduhub/server/api/handler/profile_handler.go:66.2,67.16 2 0
eduhub/server/api/handler/profile_handler.go:67.16,69.3 1 0
eduhub/server/api/handler/profile_handler.go:71.2,71.45 1 0
eduhub/server/api/handler/quiz_handler.go:17.64,21.2 1 0
eduhub/server/api/handler/quiz_handler.go:24.57,27.16 3 0
eduhub/server/api/handler/quiz_handler.go:27.16,29.3 1 0
eduhub/server/api/handler/quiz_handler.go:31.2,32.16 2 0
eduhub/server/api/handler/quiz_handler.go:32.16,34.3 1 0
eduhub/server/api/handler/quiz_handler.go:36.2,42.20 5 0
eduhub/server/api/handler/quiz_handler.go:42.20,44.17 2 0
eduhub/server/api/handler/quiz_handler.go:44.17,46.4 1 0
eduhub/server/api/handler/quiz_handler.go:49.2,49.21 1 0
eduhub/server/api/handler/quiz_handler.go:49.21,51.17 2 0
eduhub/server/api/handler/quiz_handler.go:51.17,53.4 1 0
eduhub/server/api/handler/quiz_handler.go:56.2,57.16 2 0
eduhub/server/api/handler/quiz_handler.go:57.16,59.3 1 0
eduhub/server/api/handler/quiz_handler.go:61.2,61.41 1 0
eduhub/server/api/handler/quiz_handler.go:65.56,68.16 3 0
eduhub/server/api/handler/quiz_handler.go:68.16,70.3 1 0
eduhub/server/api/handler/quiz_handler.go:72.2,73.16 2 0
eduhub/server/api/handler/quiz_handler.go:73.16,75.3 1 0
eduhub/server/api/handler/quiz_handler.go:77.2,78.41 2 0
eduhub/server/api/handler/quiz_handler.go:78.41,80.3 1 0
eduhub/server/api/handler/quiz_handler.go:82.2,86.16 4 0
eduhub/server/api/handler/quiz_handler.go:86.16,88.3 1 0
eduhub/server/api/handler/quiz_handler.go:90.2,90.41 1 0
eduhub/server/api/handler/quiz_handler.go:94.53,97.16 3 0
eduhub/server/api/handler/quiz_handler.go:97.16,99.3 1 0
eduhub/server/api/handler/quiz_handler.go:101.2,102.16 2 0
eduhub/server/api/handler/quiz_handler.go:102.16,104.3 1 0
eduhub/server/api/handler/quiz_handler.go:106.2,107.16 2 0
eduhub/server/api/handler/quiz_handler.go:107.16,109.3 1 0
eduhub/server/api/handler/quiz_handler.go:111.2,111.38 1 0
eduhub/server/api/handler/quiz_handler.go:115.56,118.16 3 0
eduhub/server/api/handler/quiz_handler.go:118.16,120.3 1 0
eduhub/server/api/handler/quiz_handler.go:122.2,123.16 2 0
eduhub/server/api/handler/quiz_handler.go:123.16,125.3 1 0
eduhub/server/api/handler/quiz_handler.go:128.2,129.16 2 0
eduhub/server/api/handler/quiz_handler.go:129.16,131.3 1 0
eduhub/server/api/handler/quiz_handler.go:134.2,135.37 2 0
eduhub/server/api/handler/quiz_handler.go:135.37,137.3 1 0
eduhub/server/api/handler/quiz_handler.go:140.2,140.22 1 0
eduhub/server/api/handler/quiz_handler.go:140.22,142.3 1 0
eduhub/server/api/handler/quiz_handler.go:143.2,143.28 1 0
eduhub/server/api/handler/quiz_handler.go:143.28,145.3 1 0
eduhub/server/api/handler/quiz_handler.go:146.2,146.33 1 0
eduhub/server/api/handler/quiz_handler.go:146.33,148.3 1 0
eduhub/server/api/handler/quiz_handler.go:149.2,149.24 1 0
eduhub/server/api/handler/quiz_handler.go:149.24,151.3 1 0
eduhub/server/api/handler/quiz_handler.go:153.2,154.16 2 0
eduhub/server/api/handler/quiz_handler.go:154.16,156.3 1 0
eduhub/server/api/handler/quiz_handler.go:158.2,158.61 1 0
eduhub/server/api/handler/quiz_handler.go:162.56,165.16 3 0
eduhub/server/api/handler/quiz_handler.go:165.16,167.3 1 0
eduhub/server/api/handler/quiz_handler.go:169.2,170.16 2 0
eduhub/server/api/handler/quiz_handler.go:170.16,172.3 1 0
eduhub/server/api/handler/quiz_handler.go:174.2,175.16 2 0
eduhub/server/api/handler/quiz_handler.go:175.16,177.3 1 0
eduhub/server/api/handler/quiz_handler.go:179.2,179.61 1 0
eduhub/server/api/handler/router.go:10.75,18.44 5 0
eduhub/server/api/handler/router.go:18.44,20.3 1 0
eduhub/server/api/handler/router.go:21.2,163.138 97 0
eduhub/server/api/handler/student_handler.go:17.79,21.2 1 0
eduhub/server/api/handler/student_handler.go:23.61,25.16 2 0
eduhub/server/api/handler/student_handler.go:25.16,27.3 1 0
eduhub/server/api/handler/student_handler.go:29.2,31.59 3 0
eduhub/server/api/handler/student_handler.go:31.59,32.76 1 0
eduhub/server/api/handler/student_handler.go:32.76,34.4 1 0
eduhub/server/api/handler/student_handler.go:36.2,36.62 1 0
eduhub/server/api/handler/student_handler.go:36.62,37.78 1 0
eduhub/server/api/handler/student_handler.go:37.78,39.4 1 0
eduhub/server/api/handler/student_handler.go:42.2,43.16 2 0
eduhub/server/api/handler/student_handler.go:43.16,45.3 1 0
eduhub/server/api/handler/student_handler.go:47.2,47.42 1 0
eduhub/server/api/handler/student_handler.go:50.62,52.16 2 0
eduhub/server/api/handler/student_handler.go:52.16,54.3 1 0
eduhub/server/api/handler/student_handler.go:56.2,57.41 2 0
eduhub/server/api/handler/student_handler.go:57.41,59.3 1 0
eduhub/server/api/handler/student_handler.go:61.2,64.16 3 0
eduhub/server/api/handler/student_handler.go:64.16,66.3 1 0
eduhub/server/api/handler/student_handler.go:68.2,68.41 1 0
eduhub/server/api/handler/student_handler.go:71.59,74.16 3 0
eduhub/server/api/handler/student_handler.go:74.16,76.3 1 0
eduhub/server/api/handler/student_handler.go:77.2,78.16 2 0
eduhub/server/api/handler/student_handler.go:78.16,80.3 1 0
eduhub/server/api/handler/student_handler.go:82.2,83.16 2 0
eduhub/server/api/handler/student_handler.go:83.16,85.3 1 0
eduhub/server/api/handler/student_handler.go:87.2,87.41 1 0
eduhub/server/api/handler/student_handler.go:90.62,93.16 3 0
eduhub/server/api/handler/student_handler.go:93.16,95.3 1 0
eduhub/server/api/handler/student_handler.go:96.2,97.16 2 0
eduhub/server/api/handler/student_handler.go:97.16,99.3 1 0
eduhub/server/api/handler/student_handler.go:101.2,102.37 2 0
eduhub/server/api/handler/student_handler.go:102.37,104.3 1 0
eduhub/server/api/handler/student_handler.go:106.2,107.16 2 0
eduhub/server/api/handler/student_handler.go:107.16,109.3 1 0
eduhub/server/api/handler/student_handler.go:111.2,111.43 1 0
eduhub/server/api/handler/student_handler.go:114.62,117.16 3 0
eduhub/server/api/handler/student_handler.go:117.16,119.3 1 0
eduhub/server/api/handler/student_handler.go:121.2,122.16 2 0
eduhub/server/api/handler/student_handler.go:122.16,124.3 1 0
eduhub/server/api/handler/student_handler.go:126.2,127.16 2 0
eduhub/server/api/handler/student_handler.go:127.16,129.3 1 0
eduhub/server/api/handler/student_handler.go:131.2,131.64 1 0
eduhub/server/api/handler/student_handler.go:134.62,137.16 3 0
eduhub/server/api/handler/student_handler.go:137.16,139.3 1 0
eduhub/server/api/handler/student_handler.go:141.2,142.16 2 0
eduhub/server/api/handler/student_handler.go:142.16,144.3 1 0
eduhub/server/api/handler/student_handler.go:146.2,147.16 2 0
eduhub/server/api/handler/student_handler.go:147.16,149.3 1 0
eduhub/server/api/handler/student_handler.go:151.2,151.63 1 0
eduhub/server/api/handler/system_handler.go:17.57,21.2 1 0
eduhub/server/api/handler/system_handler.go:24.59,35.37 4 0
eduhub/server/api/handler/system_handler.go:35.37,37.17 2 0
eduhub/server/api/handler/system_handler.go:37.17,42.4 4 0
eduhub/server/api/handler/system_handler.go:43.3,43.35 1 0
eduhub/server/api/handler/system_handler.go:46.2,46.40 1 0
eduhub/server/api/handler/system_handler.go:50.62,55.37 3 0
eduhub/server/api/handler/system_handler.go:55.37,57.17 2 0
eduhub/server/api/handler/system_handler.go:57.17,59.4 1 0
eduhub/server/api/handler/system_handler.go:62.2,62.70 1 0
eduhub/server/api/handler/system_handler.go:66.61,68.2 1 0
eduhub/server/api/handler/user_handler.go:17.64,21.2 1 0
eduhub/server/api/handler/user_handler.go:24.56,27.16 2 0
eduhub/server/api/handler/user_handler.go:27.16,29.3 1 0
eduhub/server/api/handler/user_handler.go:31.2,32.16 2 0
eduhub/server/api/handler/user_handler.go:32.16,34.3 1 0
eduhub/server/api/handler/user_handler.go:36.2,36.38 1 0
eduhub/server/api/handler/user_handler.go:40.59,42.16 2 0
eduhub/server/api/handler/user_handler.go:42.16,44.3 1 0
eduhub/server/api/handler/user_handler.go:46.2,47.37 2 0
eduhub/server/api/handler/user_handler.go:47.37,49.3 1 0
eduhub/server/api/handler/user_handler.go:51.2,52.16 2 0
eduhub/server/api/handler/user_handler.go:52.16,54.3 1 0
eduhub/server/api/handler/user_handler.go:56.2,56.64 1 0
eduhub/server/api/handler/user_handler.go:60.55,67.20 5 0
eduhub/server/api/handler/user_handler.go:67.20,69.17 2 0
eduhub/server/api/handler/user_handler.go:69.17,71.4 1 0
eduhub/server/api/handler/user_handler.go:74.2,74.21 1 0
eduhub/server/api/handler/user_handler.go:74.21,76.17 2 0
eduhub/server/api/handler/user_handler.go:76.17,78.4 1 0
eduhub/server/api/handler/user_handler.go:81.2,82.16 2 0
eduhub/server/api/handler/user_handler.go:82.16,84.3 1 0
eduhub/server/api/handler/user_handler.go:86.2,86.39 1 0
eduhub/server/api/handler/user_handler.go:90.56,92.38 2 0
eduhub/server/api/handler/user_handler.go:92.38,94.3 1 0
eduhub/server/api/handler/user_handler.go:96.2,97.16 2 0
eduhub/server/api/handler/user_handler.go:97.16,99.3 1 0
eduhub/server/api/handler/user_handler.go:101.2,101.38 1 0
eduhub/server/api/handler/user_handler.go:105.53,108.16 3 0
eduhub/server/api/handler/user_handler.go:108.16,110.3 1 0
eduhub/server/api/handler/user_handler.go:112.2,113.16 2 0
eduhub/server/api/handler/user_handler.go:113.16,115.3 1 0
eduhub/server/api/handler/user_handler.go:117.2,117.38 1 0
eduhub/server/api/handler/user_handler.go:121.56,124.16 3 0
eduhub/server/api/handler/user_handler.go:124.16,126.3 1 0
eduhub/server/api/handler/user_handler.go:128.2,129.37 2 0
eduhub/server/api/handler/user_handler.go:129.37,131.3 1 0
eduhub/server/api/handler/user_handler.go:133.2,134.16 2 0
eduhub/server/api/handler/user_handler.go:134.16,136.3 1 0
eduhub/server/api/handler/user_handler.go:138.2,138.61 1 0
eduhub/server/api/handler/user_handler.go:142.56,145.16 3 0
eduhub/server/api/handler/user_handler.go:145.16,147.3 1 0
eduhub/server/api/handler/user_handler.go:149.2,150.16 2 0
eduhub/server/api/handler/user_handler.go:150.16,152.3 1 0
eduhub/server/api/handler/user_handler.go:154.2,154.61 1 0
eduhub/server/api/handler/user_handler.go:158.60,161.16 3 0
eduhub/server/api/handler/user_handler.go:161.16,163.3 1 0
eduhub/server/api/handler/user_handler.go:165.2,169.37 2 0
eduhub/server/api/handler/user_handler.go:169.37,171.3 1 0
eduhub/server/api/handler/user_handler.go:173.2,178.16 3 0
eduhub/server/api/handler/user_handler.go:178.16,180.3 1 0
eduhub/server/api/handler/user_handler.go:182.2,182.66 1 0
eduhub/server/api/handler/user_handler.go:186.62,189.16 3 0
eduhub/server/api/handler/user_handler.go:189.16,191.3 1 0
eduhub/server/api/handler/user_handler.go:193.2,197.37 2 0
eduhub/server/api/handler/user_handler.go:197.37,199.3 1 0
eduhub/server/api/handler/user_handler.go:201.2,206.16 3 0
eduhub/server/api/handler/user_handler.go:206.16,208.3 1 0
eduhub/server/api/handler/user_handler.go:210.2,210.68 1 0
eduhub/server/api/handler/user_handler.go:214.60,216.16 2 0
eduhub/server/api/handler/user_handler.go:216.16,218.3 1 0
eduhub/server/api/handler/user_handler.go:220.2,225.37 2 0
eduhub/server/api/handler/user_handler.go:225.37,227.3 1 0
eduhub/server/api/handler/user_handler.go:231.2,234.80 3 0
eduhub/server/internal/cache/cache.go:48.40,63.2 1 0
eduhub/server/internal/cache/cache.go:66.62,67.19 1 0
eduhub/server/internal/cache/cache.go:67.19,69.3 1 0
eduhub/server/internal/cache/cache.go:71.2,88.47 4 0
eduhub/server/internal/cache/cache.go:88.47,90.3 1 0
eduhub/server/internal/cache/cache.go:92.2,95.8 1 0
eduhub/server/internal/cache/cache.go:99.50,100.20 1 0
eduhub/server/internal/cache/cache.go:100.20,102.3 1 0
eduhub/server/internal/cache/cache.go:103.2,103.23 1 0
eduhub/server/internal/cache/cache.go:107.103,109.16 2 0
eduhub/server/internal/cache/cache.go:109.16,111.3 1 0
eduhub/server/internal/cache/cache.go:113.2,113.60 1 0
eduhub/server/internal/cache/cache.go:117.83,119.16 2 0
eduhub/server/internal/cache/cache.go:119.16,120.23 1 0
eduhub/server/internal/cache/cache.go:120.23,122.4 1 0
eduhub/server/internal/cache/cache.go:123.3,123.52 1 0
eduhub/server/internal/cache/cache.go:126.2,126.51 1 0
eduhub/server/internal/cache/cache.go:126.51,128.3 1 0
eduhub/server/internal/cache/cache.go:130.2,130.12 1 0
eduhub/server/internal/cache/cache.go:134.68,136.2 1 0
eduhub/server/internal/cache/cache.go:139.55,144.21 4 0
eduhub/server/internal/cache/cache.go:144.21,146.3 1 0
eduhub/server/internal/cache/cache.go:148.2,148.35 1 0
eduhub/server/internal/cache/cache.go:148.35,150.3 1 0
eduhub/server/internal/cache/cache.go:152.2,152.19 1 0
eduhub/server/internal/cache/cache.go:152.19,154.3 1 0
eduhub/server/internal/cache/cache.go:156.2,156.12 1 0
eduhub/server/internal/cache/cache.go:160.136,164.16 3 0
eduhub/server/internal/cache/cache.go:164.16,166.3 1 0
eduhub/server/internal/cache/cache.go:169.2,170.16 2 0
eduhub/server/internal/cache/cache.go:170.16,172.3 1 0
eduhub/server/internal/cache/cache.go:175.2,175.12 1 0
eduhub/server/internal/cache/cache.go:175.12,179.3 3 0
eduhub/server/internal/cache/cache.go:181.2,181.19 1 0
eduhub/server/internal/cache/cache.go:185.54,187.2 1 0
eduhub/server/internal/cache/cache.go:190.36,192.2 1 0
eduhub/server/internal/cache/cache.go:195.48,197.2 1 0
eduhub/server/internal/cache/cache.go:200.49,203.2 2 0
eduhub/server/internal/cache/cache.go:229.55,231.2 1 0
eduhub/server/internal/cache/cache.go:234.53,236.2 1 0
eduhub/server/internal/cache/cache.go:239.64,241.2 1 0
eduhub/server/internal/cache/cache.go:244.68,246.2 1 0
eduhub/server/internal/cache/cache.go:249.72,251.2 1 0
eduhub/server/internal/cache/cache.go:254.47,256.2 1 0
eduhub/server/internal/helpers/error.go:12.57,17.2 1 0
eduhub/server/internal/helpers/extractCollegeID.go:5.52,8.9 3 0
eduhub/server/internal/helpers/extractCollegeID.go:8.9,10.3 1 0
eduhub/server/internal/helpers/extractCollegeID.go:12.2,12.26 1 0
eduhub/server/internal/helpers/extractStudentID.go:9.52,12.9 3 0
eduhub/server/internal/helpers/extractStudentID.go:12.9,14.3 1 0
eduhub/server/internal/helpers/extractStudentID.go:15.2,15.26 1 0
eduhub/server/internal/helpers/extractStudentID.go:18.68,20.17 2 0
eduhub/server/internal/helpers/extractStudentID.go:20.17,22.3 1 0
eduhub/server/internal/helpers/extractStudentID.go:23.2,24.27 2 0
eduhub/server/internal/helpers/extractStudentID.go:24.27,26.3 1 0
eduhub/server/internal/helpers/extractStudentID.go:27.2,27.16 1 0
eduhub/server/internal/helpers/extractUserID.go:11.49,13.19 2 0
eduhub/server/internal/helpers/extractUserID.go:13.19,15.3 1 0
eduhub/server/internal/helpers/extractUserID.go:17.2,18.9 2 0
eduhub/server/internal/helpers/extractUserID.go:18.9,20.3 1 0
eduhub/server/internal/helpers/extractUserID.go:22.2,22.16 1 0
eduhub/server/internal/helpers/notFound.go:14.67,19.2 1 0
eduhub/server/internal/helpers/role.go:9.50,11.9 2 0
eduhub/server/internal/helpers/role.go:11.9,13.3 1 0
eduhub/server/internal/helpers/role.go:14.2,14.34 1 0
eduhub/server/internal/helpers/success.go:14.58,19.2 1 0
